<?xml version="1.0" encoding="UTF-8"?>
<testng-results ignored="0" total="80" passed="61" failed="19" skipped="0">
  <reporter-output>
  </reporter-output>
  <suite started-at="2024-05-17T11:56:16 IST" name="Suite" finished-at="2024-05-17T11:58:20 IST" duration-ms="123599">
    <groups>
    </groups>
    <test started-at="2024-05-17T11:56:16 IST" name="ChromeTest" finished-at="2024-05-17T11:58:02 IST" duration-ms="105746">
      <class name="tests.Test_FlipkartSite">
        <test-method is-config="true" signature="initializeDriver(java.lang.String)[pri:0, instance:tests.Test_FlipkartSite@6ee6f53]" started-at="2024-05-17T11:56:16 IST" name="initializeDriver" finished-at="2024-05-17T11:56:22 IST" duration-ms="6256" status="PASS">
          <params>
            <param index="0">
              <value>
                <![CDATA[chrome]]>
              </value>
            </param>
          </params>
          <reporter-output>
          </reporter-output>
        </test-method> <!-- initializeDriver -->
        <test-method signature="executeTestCase(java.lang.String,java.lang.String,org.testng.ITestContext)[pri:0, instance:tests.Test_FlipkartSite@6ee6f53]" started-at="2024-05-17T11:56:24 IST" name="executeTestCase" data-provider="testData" finished-at="2024-05-17T11:56:25 IST" duration-ms="1021" status="PASS">
          <params>
            <param index="0">
              <value>
                <![CDATA[getFlipkartSite]]>
              </value>
            </param>
            <param index="1">
              <value>
                <![CDATA[Yes]]>
              </value>
            </param>
            <param index="2">
              <value>
                <![CDATA[org.testng.TestRunner@42f0f416]]>
              </value>
            </param>
          </params>
          <reporter-output>
          </reporter-output>
        </test-method> <!-- executeTestCase -->
        <test-method is-config="true" signature="getTestResult(org.testng.ITestResult,org.testng.ITestContext)[pri:0, instance:tests.Test_FlipkartSite@6ee6f53]" started-at="2024-05-17T11:56:25 IST" name="getTestResult" finished-at="2024-05-17T11:56:25 IST" duration-ms="9" status="PASS">
          <params>
            <param index="0">
              <value>
                <![CDATA[[TestResult name=executeTestCase status=SUCCESS method=Test_FlipkartSite.executeTestCase(java.lang.String,java.lang.String,org.testng.ITestContext)[pri:0, instance:tests.Test_FlipkartSite@6ee6f53] output={null}]]]>
              </value>
            </param>
            <param index="1">
              <value>
                <![CDATA[org.testng.TestRunner@42f0f416]]>
              </value>
            </param>
          </params>
          <reporter-output>
          </reporter-output>
        </test-method> <!-- getTestResult -->
        <test-method signature="executeTestCase(java.lang.String,java.lang.String,org.testng.ITestContext)[pri:0, instance:tests.Test_FlipkartSite@6ee6f53]" started-at="2024-05-17T11:56:25 IST" name="executeTestCase" data-provider="testData" finished-at="2024-05-17T11:56:25 IST" duration-ms="1" status="PASS">
          <params>
            <param index="0">
              <value>
                <![CDATA[clickOnProduct]]>
              </value>
            </param>
            <param index="1">
              <value>
                <![CDATA[No]]>
              </value>
            </param>
            <param index="2">
              <value>
                <![CDATA[org.testng.TestRunner@42f0f416]]>
              </value>
            </param>
          </params>
          <reporter-output>
          </reporter-output>
        </test-method> <!-- executeTestCase -->
        <test-method is-config="true" signature="getTestResult(org.testng.ITestResult,org.testng.ITestContext)[pri:0, instance:tests.Test_FlipkartSite@6ee6f53]" started-at="2024-05-17T11:56:25 IST" name="getTestResult" finished-at="2024-05-17T11:56:25 IST" duration-ms="1" status="PASS">
          <params>
            <param index="0">
              <value>
                <![CDATA[[TestResult name=executeTestCase status=SUCCESS method=Test_FlipkartSite.executeTestCase(java.lang.String,java.lang.String,org.testng.ITestContext)[pri:0, instance:tests.Test_FlipkartSite@6ee6f53] output={null}]]]>
              </value>
            </param>
            <param index="1">
              <value>
                <![CDATA[org.testng.TestRunner@42f0f416]]>
              </value>
            </param>
          </params>
          <reporter-output>
          </reporter-output>
        </test-method> <!-- getTestResult -->
        <test-method signature="executeTestCase(java.lang.String,java.lang.String,org.testng.ITestContext)[pri:0, instance:tests.Test_FlipkartSite@6ee6f53]" started-at="2024-05-17T11:56:25 IST" name="executeTestCase" data-provider="testData" finished-at="2024-05-17T11:56:42 IST" duration-ms="16726" status="PASS">
          <params>
            <param index="0">
              <value>
                <![CDATA[searchProduct]]>
              </value>
            </param>
            <param index="1">
              <value>
                <![CDATA[Yes]]>
              </value>
            </param>
            <param index="2">
              <value>
                <![CDATA[org.testng.TestRunner@42f0f416]]>
              </value>
            </param>
          </params>
          <reporter-output>
          </reporter-output>
        </test-method> <!-- executeTestCase -->
        <test-method is-config="true" signature="getTestResult(org.testng.ITestResult,org.testng.ITestContext)[pri:0, instance:tests.Test_FlipkartSite@6ee6f53]" started-at="2024-05-17T11:56:42 IST" name="getTestResult" finished-at="2024-05-17T11:56:42 IST" duration-ms="1" status="PASS">
          <params>
            <param index="0">
              <value>
                <![CDATA[[TestResult name=executeTestCase status=SUCCESS method=Test_FlipkartSite.executeTestCase(java.lang.String,java.lang.String,org.testng.ITestContext)[pri:0, instance:tests.Test_FlipkartSite@6ee6f53] output={null}]]]>
              </value>
            </param>
            <param index="1">
              <value>
                <![CDATA[org.testng.TestRunner@42f0f416]]>
              </value>
            </param>
          </params>
          <reporter-output>
          </reporter-output>
        </test-method> <!-- getTestResult -->
        <test-method signature="executeTestCase(java.lang.String,java.lang.String,org.testng.ITestContext)[pri:0, instance:tests.Test_FlipkartSite@6ee6f53]" started-at="2024-05-17T11:56:42 IST" name="executeTestCase" data-provider="testData" finished-at="2024-05-17T11:56:46 IST" duration-ms="4075" status="FAIL">
          <params>
            <param index="0">
              <value>
                <![CDATA[changingPinCode]]>
              </value>
            </param>
            <param index="1">
              <value>
                <![CDATA[Yes]]>
              </value>
            </param>
            <param index="2">
              <value>
                <![CDATA[org.testng.TestRunner@42f0f416]]>
              </value>
            </param>
          </params>
          <exception class="org.openqa.selenium.StaleElementReferenceException">
            <message>
              <![CDATA[stale element reference: stale element not found in the current frame
  (Session info: chrome=124.0.6367.207)
For documentation on this error, please visit: https://www.selenium.dev/documentation/webdriver/troubleshooting/errors#stale-element-reference-exception
Build info: version: '4.18.1', revision: 'b1d3319b48'
System info: os.name: 'Windows 11', os.arch: 'amd64', os.version: '10.0', java.version: '17.0.10'
Driver info: org.openqa.selenium.chrome.ChromeDriver
Command: [d4ae1f6f2c624d43bb1735a0847efa14, getElementText {id=f.D4A5B64665C7DB1ABD7D23B8C4C391D4.d.7835EC4A0D8D6FF7B687E4FC3A239B65.e.85}]
Capabilities {acceptInsecureCerts: false, browserName: chrome, browserVersion: 124.0.6367.207, chrome: {chromedriverVersion: 124.0.6367.207 (a9001a6e39f..., userDataDir: C:\Users\VARUNB~1\AppData\L...}, fedcm:accounts: true, goog:chromeOptions: {debuggerAddress: localhost:52165}, networkConnectionEnabled: false, pageLoadStrategy: normal, platformName: windows, proxy: Proxy(), se:cdp: ws://localhost:52165/devtoo..., se:cdpVersion: 124.0.6367.207, setWindowRect: true, strictFileInteractability: false, timeouts: {implicit: 0, pageLoad: 300000, script: 30000}, unhandledPromptBehavior: dismiss and notify, webauthn:extension:credBlob: true, webauthn:extension:largeBlob: true, webauthn:extension:minPinLength: true, webauthn:extension:prf: true, webauthn:virtualAuthenticators: true}
Element: [[ChromeDriver: chrome on windows (d4ae1f6f2c624d43bb1735a0847efa14)] -> xpath: //div[@class='hVvnXm']]
Session ID: d4ae1f6f2c624d43bb1735a0847efa14]]>
            </message>
            <full-stacktrace>
              <![CDATA[org.openqa.selenium.StaleElementReferenceException: stale element reference: stale element not found in the current frame
  (Session info: chrome=124.0.6367.207)
For documentation on this error, please visit: https://www.selenium.dev/documentation/webdriver/troubleshooting/errors#stale-element-reference-exception
Build info: version: '4.18.1', revision: 'b1d3319b48'
System info: os.name: 'Windows 11', os.arch: 'amd64', os.version: '10.0', java.version: '17.0.10'
Driver info: org.openqa.selenium.chrome.ChromeDriver
Command: [d4ae1f6f2c624d43bb1735a0847efa14, getElementText {id=f.D4A5B64665C7DB1ABD7D23B8C4C391D4.d.7835EC4A0D8D6FF7B687E4FC3A239B65.e.85}]
Capabilities {acceptInsecureCerts: false, browserName: chrome, browserVersion: 124.0.6367.207, chrome: {chromedriverVersion: 124.0.6367.207 (a9001a6e39f..., userDataDir: C:\Users\VARUNB~1\AppData\L...}, fedcm:accounts: true, goog:chromeOptions: {debuggerAddress: localhost:52165}, networkConnectionEnabled: false, pageLoadStrategy: normal, platformName: windows, proxy: Proxy(), se:cdp: ws://localhost:52165/devtoo..., se:cdpVersion: 124.0.6367.207, setWindowRect: true, strictFileInteractability: false, timeouts: {implicit: 0, pageLoad: 300000, script: 30000}, unhandledPromptBehavior: dismiss and notify, webauthn:extension:credBlob: true, webauthn:extension:largeBlob: true, webauthn:extension:minPinLength: true, webauthn:extension:prf: true, webauthn:virtualAuthenticators: true}
Element: [[ChromeDriver: chrome on windows (d4ae1f6f2c624d43bb1735a0847efa14)] -> xpath: //div[@class='hVvnXm']]
Session ID: d4ae1f6f2c624d43bb1735a0847efa14
at java.base/jdk.internal.reflect.NativeConstructorAccessorImpl.newInstance0(Native Method)
at java.base/jdk.internal.reflect.NativeConstructorAccessorImpl.newInstance(NativeConstructorAccessorImpl.java:77)
at java.base/jdk.internal.reflect.DelegatingConstructorAccessorImpl.newInstance(DelegatingConstructorAccessorImpl.java:45)
at java.base/java.lang.reflect.Constructor.newInstanceWithCaller(Constructor.java:499)
at java.base/java.lang.reflect.Constructor.newInstance(Constructor.java:480)
at org.openqa.selenium.remote.ErrorCodec.decode(ErrorCodec.java:167)
at org.openqa.selenium.remote.codec.w3c.W3CHttpResponseCodec.decode(W3CHttpResponseCodec.java:138)
at org.openqa.selenium.remote.codec.w3c.W3CHttpResponseCodec.decode(W3CHttpResponseCodec.java:50)
at org.openqa.selenium.remote.HttpCommandExecutor.execute(HttpCommandExecutor.java:190)
at org.openqa.selenium.remote.service.DriverCommandExecutor.invokeExecute(DriverCommandExecutor.java:216)
at org.openqa.selenium.remote.service.DriverCommandExecutor.execute(DriverCommandExecutor.java:174)
at org.openqa.selenium.remote.RemoteWebDriver.execute(RemoteWebDriver.java:519)
at org.openqa.selenium.remote.RemoteWebElement.execute(RemoteWebElement.java:223)
at org.openqa.selenium.remote.RemoteWebElement.getText(RemoteWebElement.java:191)
at java.base/jdk.internal.reflect.NativeMethodAccessorImpl.invoke0(Native Method)
at java.base/jdk.internal.reflect.NativeMethodAccessorImpl.invoke(NativeMethodAccessorImpl.java:77)
at java.base/jdk.internal.reflect.DelegatingMethodAccessorImpl.invoke(DelegatingMethodAccessorImpl.java:43)
at java.base/java.lang.reflect.Method.invoke(Method.java:568)
at org.openqa.selenium.support.pagefactory.internal.LocatingElementHandler.invoke(LocatingElementHandler.java:51)
at jdk.proxy2/jdk.proxy2.$Proxy15.getText(Unknown Source)
at pages.FlipkartChangePincode.getExpectedText(FlipkartChangePincode.java:46)
at tests.Test_FlipkartSite.changingPinCode(Test_FlipkartSite.java:260)
at tests.Test_FlipkartSite.executeTestCase(Test_FlipkartSite.java:130)
at java.base/jdk.internal.reflect.NativeMethodAccessorImpl.invoke0(Native Method)
at java.base/jdk.internal.reflect.NativeMethodAccessorImpl.invoke(NativeMethodAccessorImpl.java:77)
at java.base/jdk.internal.reflect.DelegatingMethodAccessorImpl.invoke(DelegatingMethodAccessorImpl.java:43)
at java.base/java.lang.reflect.Method.invoke(Method.java:568)
at org.testng.internal.invokers.MethodInvocationHelper.invokeMethod(MethodInvocationHelper.java:139)
at org.testng.internal.invokers.TestInvoker.invokeMethod(TestInvoker.java:677)
at org.testng.internal.invokers.TestInvoker.invokeTestMethod(TestInvoker.java:221)
at org.testng.internal.invokers.MethodRunner.runInSequence(MethodRunner.java:50)
at org.testng.internal.invokers.TestInvoker$MethodInvocationAgent.invoke(TestInvoker.java:969)
at org.testng.internal.invokers.TestInvoker.invokeTestMethods(TestInvoker.java:194)
at org.testng.internal.invokers.TestMethodWorker.invokeTestMethods(TestMethodWorker.java:148)
at org.testng.internal.invokers.TestMethodWorker.run(TestMethodWorker.java:128)
at java.base/java.util.ArrayList.forEach(ArrayList.java:1511)
at org.testng.TestRunner.privateRun(TestRunner.java:829)
at org.testng.TestRunner.run(TestRunner.java:602)
at org.testng.SuiteRunner.runTest(SuiteRunner.java:437)
at org.testng.SuiteRunner$SuiteWorker.run(SuiteRunner.java:475)
at org.testng.internal.thread.ThreadUtil.lambda$execute$0(ThreadUtil.java:58)
at java.base/java.util.concurrent.FutureTask.run(FutureTask.java:264)
at java.base/java.util.concurrent.ThreadPoolExecutor.runWorker(ThreadPoolExecutor.java:1136)
at java.base/java.util.concurrent.ThreadPoolExecutor$Worker.run(ThreadPoolExecutor.java:635)
at java.base/java.lang.Thread.run(Thread.java:840)
]]>
            </full-stacktrace>
          </exception> <!-- org.openqa.selenium.StaleElementReferenceException -->
          <reporter-output>
          </reporter-output>
        </test-method> <!-- executeTestCase -->
        <test-method is-config="true" signature="getTestResult(org.testng.ITestResult,org.testng.ITestContext)[pri:0, instance:tests.Test_FlipkartSite@6ee6f53]" started-at="2024-05-17T11:56:46 IST" name="getTestResult" finished-at="2024-05-17T11:56:46 IST" duration-ms="351" status="PASS">
          <params>
            <param index="0">
              <value>
                <![CDATA[[TestResult name=executeTestCase status=FAILURE method=Test_FlipkartSite.executeTestCase(java.lang.String,java.lang.String,org.testng.ITestContext)[pri:0, instance:tests.Test_FlipkartSite@6ee6f53] output={null}]]]>
              </value>
            </param>
            <param index="1">
              <value>
                <![CDATA[org.testng.TestRunner@42f0f416]]>
              </value>
            </param>
          </params>
          <reporter-output>
          </reporter-output>
        </test-method> <!-- getTestResult -->
        <test-method signature="executeTestCase(java.lang.String,java.lang.String,org.testng.ITestContext)[pri:0, instance:tests.Test_FlipkartSite@6ee6f53]" started-at="2024-05-17T11:56:46 IST" name="executeTestCase" data-provider="testData" finished-at="2024-05-17T11:56:58 IST" duration-ms="11483" status="PASS">
          <params>
            <param index="0">
              <value>
                <![CDATA[checkProductImages]]>
              </value>
            </param>
            <param index="1">
              <value>
                <![CDATA[Yes]]>
              </value>
            </param>
            <param index="2">
              <value>
                <![CDATA[org.testng.TestRunner@42f0f416]]>
              </value>
            </param>
          </params>
          <reporter-output>
          </reporter-output>
        </test-method> <!-- executeTestCase -->
        <test-method is-config="true" signature="getTestResult(org.testng.ITestResult,org.testng.ITestContext)[pri:0, instance:tests.Test_FlipkartSite@6ee6f53]" started-at="2024-05-17T11:56:58 IST" name="getTestResult" finished-at="2024-05-17T11:56:58 IST" duration-ms="0" status="PASS">
          <params>
            <param index="0">
              <value>
                <![CDATA[[TestResult name=executeTestCase status=SUCCESS method=Test_FlipkartSite.executeTestCase(java.lang.String,java.lang.String,org.testng.ITestContext)[pri:0, instance:tests.Test_FlipkartSite@6ee6f53] output={null}]]]>
              </value>
            </param>
            <param index="1">
              <value>
                <![CDATA[org.testng.TestRunner@42f0f416]]>
              </value>
            </param>
          </params>
          <reporter-output>
          </reporter-output>
        </test-method> <!-- getTestResult -->
        <test-method signature="executeTestCase(java.lang.String,java.lang.String,org.testng.ITestContext)[pri:0, instance:tests.Test_FlipkartSite@6ee6f53]" started-at="2024-05-17T11:56:58 IST" name="executeTestCase" data-provider="testData" finished-at="2024-05-17T11:57:00 IST" duration-ms="2457" status="PASS">
          <params>
            <param index="0">
              <value>
                <![CDATA[addToCart]]>
              </value>
            </param>
            <param index="1">
              <value>
                <![CDATA[Yes]]>
              </value>
            </param>
            <param index="2">
              <value>
                <![CDATA[org.testng.TestRunner@42f0f416]]>
              </value>
            </param>
          </params>
          <reporter-output>
          </reporter-output>
        </test-method> <!-- executeTestCase -->
        <test-method is-config="true" signature="getTestResult(org.testng.ITestResult,org.testng.ITestContext)[pri:0, instance:tests.Test_FlipkartSite@6ee6f53]" started-at="2024-05-17T11:57:00 IST" name="getTestResult" finished-at="2024-05-17T11:57:00 IST" duration-ms="6" status="PASS">
          <params>
            <param index="0">
              <value>
                <![CDATA[[TestResult name=executeTestCase status=SUCCESS method=Test_FlipkartSite.executeTestCase(java.lang.String,java.lang.String,org.testng.ITestContext)[pri:0, instance:tests.Test_FlipkartSite@6ee6f53] output={null}]]]>
              </value>
            </param>
            <param index="1">
              <value>
                <![CDATA[org.testng.TestRunner@42f0f416]]>
              </value>
            </param>
          </params>
          <reporter-output>
          </reporter-output>
        </test-method> <!-- getTestResult -->
        <test-method signature="executeTestCase(java.lang.String,java.lang.String,org.testng.ITestContext)[pri:0, instance:tests.Test_FlipkartSite@6ee6f53]" started-at="2024-05-17T11:57:00 IST" name="executeTestCase" data-provider="testData" finished-at="2024-05-17T11:57:13 IST" duration-ms="13148" status="PASS">
          <params>
            <param index="0">
              <value>
                <![CDATA[placeOrder]]>
              </value>
            </param>
            <param index="1">
              <value>
                <![CDATA[Yes]]>
              </value>
            </param>
            <param index="2">
              <value>
                <![CDATA[org.testng.TestRunner@42f0f416]]>
              </value>
            </param>
          </params>
          <reporter-output>
          </reporter-output>
        </test-method> <!-- executeTestCase -->
        <test-method is-config="true" signature="getTestResult(org.testng.ITestResult,org.testng.ITestContext)[pri:0, instance:tests.Test_FlipkartSite@6ee6f53]" started-at="2024-05-17T11:57:13 IST" name="getTestResult" finished-at="2024-05-17T11:57:13 IST" duration-ms="2" status="PASS">
          <params>
            <param index="0">
              <value>
                <![CDATA[[TestResult name=executeTestCase status=SUCCESS method=Test_FlipkartSite.executeTestCase(java.lang.String,java.lang.String,org.testng.ITestContext)[pri:0, instance:tests.Test_FlipkartSite@6ee6f53] output={null}]]]>
              </value>
            </param>
            <param index="1">
              <value>
                <![CDATA[org.testng.TestRunner@42f0f416]]>
              </value>
            </param>
          </params>
          <reporter-output>
          </reporter-output>
        </test-method> <!-- getTestResult -->
        <test-method signature="executeTestCase(java.lang.String,java.lang.String,org.testng.ITestContext)[pri:0, instance:tests.Test_FlipkartSite@6ee6f53]" started-at="2024-05-17T11:57:13 IST" name="executeTestCase" data-provider="testData" finished-at="2024-05-17T11:57:17 IST" duration-ms="3757" status="PASS">
          <params>
            <param index="0">
              <value>
                <![CDATA[sortProduct]]>
              </value>
            </param>
            <param index="1">
              <value>
                <![CDATA[Yes]]>
              </value>
            </param>
            <param index="2">
              <value>
                <![CDATA[org.testng.TestRunner@42f0f416]]>
              </value>
            </param>
          </params>
          <reporter-output>
          </reporter-output>
        </test-method> <!-- executeTestCase -->
        <test-method is-config="true" signature="getTestResult(org.testng.ITestResult,org.testng.ITestContext)[pri:0, instance:tests.Test_FlipkartSite@6ee6f53]" started-at="2024-05-17T11:57:17 IST" name="getTestResult" finished-at="2024-05-17T11:57:17 IST" duration-ms="3" status="PASS">
          <params>
            <param index="0">
              <value>
                <![CDATA[[TestResult name=executeTestCase status=SUCCESS method=Test_FlipkartSite.executeTestCase(java.lang.String,java.lang.String,org.testng.ITestContext)[pri:0, instance:tests.Test_FlipkartSite@6ee6f53] output={null}]]]>
              </value>
            </param>
            <param index="1">
              <value>
                <![CDATA[org.testng.TestRunner@42f0f416]]>
              </value>
            </param>
          </params>
          <reporter-output>
          </reporter-output>
        </test-method> <!-- getTestResult -->
        <test-method signature="executeTestCase(java.lang.String,java.lang.String,org.testng.ITestContext)[pri:0, instance:tests.Test_FlipkartSite@6ee6f53]" started-at="2024-05-17T11:57:17 IST" name="executeTestCase" data-provider="testData" finished-at="2024-05-17T11:57:20 IST" duration-ms="3376" status="PASS">
          <params>
            <param index="0">
              <value>
                <![CDATA[applyPriceFilter]]>
              </value>
            </param>
            <param index="1">
              <value>
                <![CDATA[Yes]]>
              </value>
            </param>
            <param index="2">
              <value>
                <![CDATA[org.testng.TestRunner@42f0f416]]>
              </value>
            </param>
          </params>
          <reporter-output>
          </reporter-output>
        </test-method> <!-- executeTestCase -->
        <test-method is-config="true" signature="getTestResult(org.testng.ITestResult,org.testng.ITestContext)[pri:0, instance:tests.Test_FlipkartSite@6ee6f53]" started-at="2024-05-17T11:57:20 IST" name="getTestResult" finished-at="2024-05-17T11:57:20 IST" duration-ms="0" status="PASS">
          <params>
            <param index="0">
              <value>
                <![CDATA[[TestResult name=executeTestCase status=SUCCESS method=Test_FlipkartSite.executeTestCase(java.lang.String,java.lang.String,org.testng.ITestContext)[pri:0, instance:tests.Test_FlipkartSite@6ee6f53] output={null}]]]>
              </value>
            </param>
            <param index="1">
              <value>
                <![CDATA[org.testng.TestRunner@42f0f416]]>
              </value>
            </param>
          </params>
          <reporter-output>
          </reporter-output>
        </test-method> <!-- getTestResult -->
        <test-method signature="executeTestCase(java.lang.String,java.lang.String,org.testng.ITestContext)[pri:0, instance:tests.Test_FlipkartSite@6ee6f53]" started-at="2024-05-17T11:57:20 IST" name="executeTestCase" data-provider="testData" finished-at="2024-05-17T11:57:23 IST" duration-ms="2285" status="FAIL">
          <params>
            <param index="0">
              <value>
                <![CDATA[applyBrandFilter]]>
              </value>
            </param>
            <param index="1">
              <value>
                <![CDATA[Yes]]>
              </value>
            </param>
            <param index="2">
              <value>
                <![CDATA[org.testng.TestRunner@42f0f416]]>
              </value>
            </param>
          </params>
          <exception class="org.openqa.selenium.ElementClickInterceptedException">
            <message>
              <![CDATA[element click intercepted: Element <div class="XqNaEv"></div> is not clickable at point (31, 7). Other element would receive the click: <div class="LOe-Xr"></div>
  (Session info: chrome=124.0.6367.207)
Build info: version: '4.18.1', revision: 'b1d3319b48'
System info: os.name: 'Windows 11', os.arch: 'amd64', os.version: '10.0', java.version: '17.0.10'
Driver info: org.openqa.selenium.chrome.ChromeDriver
Command: [d4ae1f6f2c624d43bb1735a0847efa14, clickElement {id=f.D4A5B64665C7DB1ABD7D23B8C4C391D4.d.4CD14FC001D01B7450D395E4500B01CE.e.590}]
Capabilities {acceptInsecureCerts: false, browserName: chrome, browserVersion: 124.0.6367.207, chrome: {chromedriverVersion: 124.0.6367.207 (a9001a6e39f..., userDataDir: C:\Users\VARUNB~1\AppData\L...}, fedcm:accounts: true, goog:chromeOptions: {debuggerAddress: localhost:52165}, networkConnectionEnabled: false, pageLoadStrategy: normal, platformName: windows, proxy: Proxy(), se:cdp: ws://localhost:52165/devtoo..., se:cdpVersion: 124.0.6367.207, setWindowRect: true, strictFileInteractability: false, timeouts: {implicit: 0, pageLoad: 300000, script: 30000}, unhandledPromptBehavior: dismiss and notify, webauthn:extension:credBlob: true, webauthn:extension:largeBlob: true, webauthn:extension:minPinLength: true, webauthn:extension:prf: true, webauthn:virtualAuthenticators: true}
Element: [[ChromeDriver: chrome on windows (d4ae1f6f2c624d43bb1735a0847efa14)] -> xpath: //div[text()='SAMSUNG']/preceding-sibling::div]
Session ID: d4ae1f6f2c624d43bb1735a0847efa14]]>
            </message>
            <full-stacktrace>
              <![CDATA[org.openqa.selenium.ElementClickInterceptedException: element click intercepted: Element <div class="XqNaEv"></div> is not clickable at point (31, 7). Other element would receive the click: <div class="LOe-Xr"></div>
  (Session info: chrome=124.0.6367.207)
Build info: version: '4.18.1', revision: 'b1d3319b48'
System info: os.name: 'Windows 11', os.arch: 'amd64', os.version: '10.0', java.version: '17.0.10'
Driver info: org.openqa.selenium.chrome.ChromeDriver
Command: [d4ae1f6f2c624d43bb1735a0847efa14, clickElement {id=f.D4A5B64665C7DB1ABD7D23B8C4C391D4.d.4CD14FC001D01B7450D395E4500B01CE.e.590}]
Capabilities {acceptInsecureCerts: false, browserName: chrome, browserVersion: 124.0.6367.207, chrome: {chromedriverVersion: 124.0.6367.207 (a9001a6e39f..., userDataDir: C:\Users\VARUNB~1\AppData\L...}, fedcm:accounts: true, goog:chromeOptions: {debuggerAddress: localhost:52165}, networkConnectionEnabled: false, pageLoadStrategy: normal, platformName: windows, proxy: Proxy(), se:cdp: ws://localhost:52165/devtoo..., se:cdpVersion: 124.0.6367.207, setWindowRect: true, strictFileInteractability: false, timeouts: {implicit: 0, pageLoad: 300000, script: 30000}, unhandledPromptBehavior: dismiss and notify, webauthn:extension:credBlob: true, webauthn:extension:largeBlob: true, webauthn:extension:minPinLength: true, webauthn:extension:prf: true, webauthn:virtualAuthenticators: true}
Element: [[ChromeDriver: chrome on windows (d4ae1f6f2c624d43bb1735a0847efa14)] -> xpath: //div[text()='SAMSUNG']/preceding-sibling::div]
Session ID: d4ae1f6f2c624d43bb1735a0847efa14
at java.base/jdk.internal.reflect.NativeConstructorAccessorImpl.newInstance0(Native Method)
at java.base/jdk.internal.reflect.NativeConstructorAccessorImpl.newInstance(NativeConstructorAccessorImpl.java:77)
at java.base/jdk.internal.reflect.DelegatingConstructorAccessorImpl.newInstance(DelegatingConstructorAccessorImpl.java:45)
at java.base/java.lang.reflect.Constructor.newInstanceWithCaller(Constructor.java:499)
at java.base/java.lang.reflect.Constructor.newInstance(Constructor.java:480)
at org.openqa.selenium.remote.ErrorCodec.decode(ErrorCodec.java:167)
at org.openqa.selenium.remote.codec.w3c.W3CHttpResponseCodec.decode(W3CHttpResponseCodec.java:138)
at org.openqa.selenium.remote.codec.w3c.W3CHttpResponseCodec.decode(W3CHttpResponseCodec.java:50)
at org.openqa.selenium.remote.HttpCommandExecutor.execute(HttpCommandExecutor.java:190)
at org.openqa.selenium.remote.service.DriverCommandExecutor.invokeExecute(DriverCommandExecutor.java:216)
at org.openqa.selenium.remote.service.DriverCommandExecutor.execute(DriverCommandExecutor.java:174)
at org.openqa.selenium.remote.RemoteWebDriver.execute(RemoteWebDriver.java:519)
at org.openqa.selenium.remote.RemoteWebElement.execute(RemoteWebElement.java:223)
at org.openqa.selenium.remote.RemoteWebElement.click(RemoteWebElement.java:76)
at jdk.internal.reflect.GeneratedMethodAccessor3.invoke(Unknown Source)
at java.base/jdk.internal.reflect.DelegatingMethodAccessorImpl.invoke(DelegatingMethodAccessorImpl.java:43)
at java.base/java.lang.reflect.Method.invoke(Method.java:568)
at org.openqa.selenium.support.pagefactory.internal.LocatingElementHandler.invoke(LocatingElementHandler.java:51)
at jdk.proxy2/jdk.proxy2.$Proxy15.click(Unknown Source)
at pages.FlipkartBrandFilters.brandFilter(FlipkartBrandFilters.java:34)
at tests.Test_FlipkartSite.applyBrandFilter(Test_FlipkartSite.java:337)
at tests.Test_FlipkartSite.executeTestCase(Test_FlipkartSite.java:154)
at jdk.internal.reflect.GeneratedMethodAccessor1.invoke(Unknown Source)
at java.base/jdk.internal.reflect.DelegatingMethodAccessorImpl.invoke(DelegatingMethodAccessorImpl.java:43)
at java.base/java.lang.reflect.Method.invoke(Method.java:568)
at org.testng.internal.invokers.MethodInvocationHelper.invokeMethod(MethodInvocationHelper.java:139)
at org.testng.internal.invokers.TestInvoker.invokeMethod(TestInvoker.java:677)
at org.testng.internal.invokers.TestInvoker.invokeTestMethod(TestInvoker.java:221)
at org.testng.internal.invokers.MethodRunner.runInSequence(MethodRunner.java:50)
at org.testng.internal.invokers.TestInvoker$MethodInvocationAgent.invoke(TestInvoker.java:969)
at org.testng.internal.invokers.TestInvoker.invokeTestMethods(TestInvoker.java:194)
at org.testng.internal.invokers.TestMethodWorker.invokeTestMethods(TestMethodWorker.java:148)
at org.testng.internal.invokers.TestMethodWorker.run(TestMethodWorker.java:128)
at java.base/java.util.ArrayList.forEach(ArrayList.java:1511)
at org.testng.TestRunner.privateRun(TestRunner.java:829)
at org.testng.TestRunner.run(TestRunner.java:602)
at org.testng.SuiteRunner.runTest(SuiteRunner.java:437)
at org.testng.SuiteRunner$SuiteWorker.run(SuiteRunner.java:475)
at org.testng.internal.thread.ThreadUtil.lambda$execute$0(ThreadUtil.java:58)
at java.base/java.util.concurrent.FutureTask.run(FutureTask.java:264)
at java.base/java.util.concurrent.ThreadPoolExecutor.runWorker(ThreadPoolExecutor.java:1136)
at java.base/java.util.concurrent.ThreadPoolExecutor$Worker.run(ThreadPoolExecutor.java:635)
at java.base/java.lang.Thread.run(Thread.java:840)
]]>
            </full-stacktrace>
          </exception> <!-- org.openqa.selenium.ElementClickInterceptedException -->
          <reporter-output>
          </reporter-output>
        </test-method> <!-- executeTestCase -->
        <test-method is-config="true" signature="getTestResult(org.testng.ITestResult,org.testng.ITestContext)[pri:0, instance:tests.Test_FlipkartSite@6ee6f53]" started-at="2024-05-17T11:57:23 IST" name="getTestResult" finished-at="2024-05-17T11:57:23 IST" duration-ms="296" status="PASS">
          <params>
            <param index="0">
              <value>
                <![CDATA[[TestResult name=executeTestCase status=FAILURE method=Test_FlipkartSite.executeTestCase(java.lang.String,java.lang.String,org.testng.ITestContext)[pri:0, instance:tests.Test_FlipkartSite@6ee6f53] output={null}]]]>
              </value>
            </param>
            <param index="1">
              <value>
                <![CDATA[org.testng.TestRunner@42f0f416]]>
              </value>
            </param>
          </params>
          <reporter-output>
          </reporter-output>
        </test-method> <!-- getTestResult -->
        <test-method signature="executeTestCase(java.lang.String,java.lang.String,org.testng.ITestContext)[pri:0, instance:tests.Test_FlipkartSite@6ee6f53]" started-at="2024-05-17T11:57:23 IST" name="executeTestCase" data-provider="testData" finished-at="2024-05-17T11:57:23 IST" duration-ms="3" status="PASS">
          <params>
            <param index="0">
              <value>
                <![CDATA[applyRatingFilter]]>
              </value>
            </param>
            <param index="1">
              <value>
                <![CDATA[Yes]]>
              </value>
            </param>
            <param index="2">
              <value>
                <![CDATA[org.testng.TestRunner@42f0f416]]>
              </value>
            </param>
          </params>
          <reporter-output>
          </reporter-output>
        </test-method> <!-- executeTestCase -->
        <test-method is-config="true" signature="getTestResult(org.testng.ITestResult,org.testng.ITestContext)[pri:0, instance:tests.Test_FlipkartSite@6ee6f53]" started-at="2024-05-17T11:57:23 IST" name="getTestResult" finished-at="2024-05-17T11:57:23 IST" duration-ms="1" status="PASS">
          <params>
            <param index="0">
              <value>
                <![CDATA[[TestResult name=executeTestCase status=SUCCESS method=Test_FlipkartSite.executeTestCase(java.lang.String,java.lang.String,org.testng.ITestContext)[pri:0, instance:tests.Test_FlipkartSite@6ee6f53] output={null}]]]>
              </value>
            </param>
            <param index="1">
              <value>
                <![CDATA[org.testng.TestRunner@42f0f416]]>
              </value>
            </param>
          </params>
          <reporter-output>
          </reporter-output>
        </test-method> <!-- getTestResult -->
        <test-method signature="executeTestCase(java.lang.String,java.lang.String,org.testng.ITestContext)[pri:0, instance:tests.Test_FlipkartSite@6ee6f53]" started-at="2024-05-17T11:57:23 IST" name="executeTestCase" data-provider="testData" finished-at="2024-05-17T11:57:23 IST" duration-ms="1" status="PASS">
          <params>
            <param index="0">
              <value>
                <![CDATA[applyBatteryCapacityFilter]]>
              </value>
            </param>
            <param index="1">
              <value>
                <![CDATA[No]]>
              </value>
            </param>
            <param index="2">
              <value>
                <![CDATA[org.testng.TestRunner@42f0f416]]>
              </value>
            </param>
          </params>
          <reporter-output>
          </reporter-output>
        </test-method> <!-- executeTestCase -->
        <test-method is-config="true" signature="getTestResult(org.testng.ITestResult,org.testng.ITestContext)[pri:0, instance:tests.Test_FlipkartSite@6ee6f53]" started-at="2024-05-17T11:57:23 IST" name="getTestResult" finished-at="2024-05-17T11:57:23 IST" duration-ms="1" status="PASS">
          <params>
            <param index="0">
              <value>
                <![CDATA[[TestResult name=executeTestCase status=SUCCESS method=Test_FlipkartSite.executeTestCase(java.lang.String,java.lang.String,org.testng.ITestContext)[pri:0, instance:tests.Test_FlipkartSite@6ee6f53] output={null}]]]>
              </value>
            </param>
            <param index="1">
              <value>
                <![CDATA[org.testng.TestRunner@42f0f416]]>
              </value>
            </param>
          </params>
          <reporter-output>
          </reporter-output>
        </test-method> <!-- getTestResult -->
        <test-method signature="executeTestCase(java.lang.String,java.lang.String,org.testng.ITestContext)[pri:0, instance:tests.Test_FlipkartSite@6ee6f53]" started-at="2024-05-17T11:57:23 IST" name="executeTestCase" data-provider="testData" finished-at="2024-05-17T11:57:26 IST" duration-ms="3444" status="PASS">
          <params>
            <param index="0">
              <value>
                <![CDATA[checkMenApparel]]>
              </value>
            </param>
            <param index="1">
              <value>
                <![CDATA[Yes]]>
              </value>
            </param>
            <param index="2">
              <value>
                <![CDATA[org.testng.TestRunner@42f0f416]]>
              </value>
            </param>
          </params>
          <reporter-output>
          </reporter-output>
        </test-method> <!-- executeTestCase -->
        <test-method is-config="true" signature="getTestResult(org.testng.ITestResult,org.testng.ITestContext)[pri:0, instance:tests.Test_FlipkartSite@6ee6f53]" started-at="2024-05-17T11:57:26 IST" name="getTestResult" finished-at="2024-05-17T11:57:26 IST" duration-ms="0" status="PASS">
          <params>
            <param index="0">
              <value>
                <![CDATA[[TestResult name=executeTestCase status=SUCCESS method=Test_FlipkartSite.executeTestCase(java.lang.String,java.lang.String,org.testng.ITestContext)[pri:0, instance:tests.Test_FlipkartSite@6ee6f53] output={null}]]]>
              </value>
            </param>
            <param index="1">
              <value>
                <![CDATA[org.testng.TestRunner@42f0f416]]>
              </value>
            </param>
          </params>
          <reporter-output>
          </reporter-output>
        </test-method> <!-- getTestResult -->
        <test-method signature="executeTestCase(java.lang.String,java.lang.String,org.testng.ITestContext)[pri:0, instance:tests.Test_FlipkartSite@6ee6f53]" started-at="2024-05-17T11:57:26 IST" name="executeTestCase" data-provider="testData" finished-at="2024-05-17T11:57:26 IST" duration-ms="0" status="PASS">
          <params>
            <param index="0">
              <value>
                <![CDATA[checkFurniture]]>
              </value>
            </param>
            <param index="1">
              <value>
                <![CDATA[No]]>
              </value>
            </param>
            <param index="2">
              <value>
                <![CDATA[org.testng.TestRunner@42f0f416]]>
              </value>
            </param>
          </params>
          <reporter-output>
          </reporter-output>
        </test-method> <!-- executeTestCase -->
        <test-method is-config="true" signature="getTestResult(org.testng.ITestResult,org.testng.ITestContext)[pri:0, instance:tests.Test_FlipkartSite@6ee6f53]" started-at="2024-05-17T11:57:26 IST" name="getTestResult" finished-at="2024-05-17T11:57:26 IST" duration-ms="1" status="PASS">
          <params>
            <param index="0">
              <value>
                <![CDATA[[TestResult name=executeTestCase status=SUCCESS method=Test_FlipkartSite.executeTestCase(java.lang.String,java.lang.String,org.testng.ITestContext)[pri:0, instance:tests.Test_FlipkartSite@6ee6f53] output={null}]]]>
              </value>
            </param>
            <param index="1">
              <value>
                <![CDATA[org.testng.TestRunner@42f0f416]]>
              </value>
            </param>
          </params>
          <reporter-output>
          </reporter-output>
        </test-method> <!-- getTestResult -->
        <test-method signature="executeTestCase(java.lang.String,java.lang.String,org.testng.ITestContext)[pri:0, instance:tests.Test_FlipkartSite@6ee6f53]" started-at="2024-05-17T11:57:26 IST" name="executeTestCase" data-provider="testData" finished-at="2024-05-17T11:57:30 IST" duration-ms="3884" status="PASS">
          <params>
            <param index="0">
              <value>
                <![CDATA[checkOfferZone]]>
              </value>
            </param>
            <param index="1">
              <value>
                <![CDATA[Yes]]>
              </value>
            </param>
            <param index="2">
              <value>
                <![CDATA[org.testng.TestRunner@42f0f416]]>
              </value>
            </param>
          </params>
          <reporter-output>
          </reporter-output>
        </test-method> <!-- executeTestCase -->
        <test-method is-config="true" signature="getTestResult(org.testng.ITestResult,org.testng.ITestContext)[pri:0, instance:tests.Test_FlipkartSite@6ee6f53]" started-at="2024-05-17T11:57:30 IST" name="getTestResult" finished-at="2024-05-17T11:57:30 IST" duration-ms="1" status="PASS">
          <params>
            <param index="0">
              <value>
                <![CDATA[[TestResult name=executeTestCase status=SUCCESS method=Test_FlipkartSite.executeTestCase(java.lang.String,java.lang.String,org.testng.ITestContext)[pri:0, instance:tests.Test_FlipkartSite@6ee6f53] output={null}]]]>
              </value>
            </param>
            <param index="1">
              <value>
                <![CDATA[org.testng.TestRunner@42f0f416]]>
              </value>
            </param>
          </params>
          <reporter-output>
          </reporter-output>
        </test-method> <!-- getTestResult -->
        <test-method signature="executeTestCase(java.lang.String,java.lang.String,org.testng.ITestContext)[pri:0, instance:tests.Test_FlipkartSite@6ee6f53]" started-at="2024-05-17T11:57:30 IST" name="executeTestCase" data-provider="testData" finished-at="2024-05-17T11:57:30 IST" duration-ms="0" status="PASS">
          <params>
            <param index="0">
              <value>
                <![CDATA[checkGrocerySection]]>
              </value>
            </param>
            <param index="1">
              <value>
                <![CDATA[No]]>
              </value>
            </param>
            <param index="2">
              <value>
                <![CDATA[org.testng.TestRunner@42f0f416]]>
              </value>
            </param>
          </params>
          <reporter-output>
          </reporter-output>
        </test-method> <!-- executeTestCase -->
        <test-method is-config="true" signature="getTestResult(org.testng.ITestResult,org.testng.ITestContext)[pri:0, instance:tests.Test_FlipkartSite@6ee6f53]" started-at="2024-05-17T11:57:30 IST" name="getTestResult" finished-at="2024-05-17T11:57:30 IST" duration-ms="1" status="PASS">
          <params>
            <param index="0">
              <value>
                <![CDATA[[TestResult name=executeTestCase status=SUCCESS method=Test_FlipkartSite.executeTestCase(java.lang.String,java.lang.String,org.testng.ITestContext)[pri:0, instance:tests.Test_FlipkartSite@6ee6f53] output={null}]]]>
              </value>
            </param>
            <param index="1">
              <value>
                <![CDATA[org.testng.TestRunner@42f0f416]]>
              </value>
            </param>
          </params>
          <reporter-output>
          </reporter-output>
        </test-method> <!-- getTestResult -->
        <test-method signature="executeTestCase(java.lang.String,java.lang.String,org.testng.ITestContext)[pri:0, instance:tests.Test_FlipkartSite@6ee6f53]" started-at="2024-05-17T11:57:30 IST" name="executeTestCase" data-provider="testData" finished-at="2024-05-17T11:57:40 IST" duration-ms="10066" status="FAIL">
          <params>
            <param index="0">
              <value>
                <![CDATA[checkMyCart]]>
              </value>
            </param>
            <param index="1">
              <value>
                <![CDATA[Yes]]>
              </value>
            </param>
            <param index="2">
              <value>
                <![CDATA[org.testng.TestRunner@42f0f416]]>
              </value>
            </param>
          </params>
          <exception class="org.openqa.selenium.NoSuchElementException">
            <message>
              <![CDATA[no such element: Unable to locate element: {"method":"xpath","selector":"//a[@href="/viewcart?exploreMode=true&preference=GROCERY"][1]"}
  (Session info: chrome=124.0.6367.207)
For documentation on this error, please visit: https://www.selenium.dev/documentation/webdriver/troubleshooting/errors#no-such-element-exception
Build info: version: '4.18.1', revision: 'b1d3319b48'
System info: os.name: 'Windows 11', os.arch: 'amd64', os.version: '10.0', java.version: '17.0.10'
Driver info: org.openqa.selenium.chrome.ChromeDriver
Command: [d4ae1f6f2c624d43bb1735a0847efa14, findElement {value=//a[@href="/viewcart?exploreMode=true&preference=GROCERY"][1], using=xpath}]
Capabilities {acceptInsecureCerts: false, browserName: chrome, browserVersion: 124.0.6367.207, chrome: {chromedriverVersion: 124.0.6367.207 (a9001a6e39f..., userDataDir: C:\Users\VARUNB~1\AppData\L...}, fedcm:accounts: true, goog:chromeOptions: {debuggerAddress: localhost:52165}, networkConnectionEnabled: false, pageLoadStrategy: normal, platformName: windows, proxy: Proxy(), se:cdp: ws://localhost:52165/devtoo..., se:cdpVersion: 124.0.6367.207, setWindowRect: true, strictFileInteractability: false, timeouts: {implicit: 0, pageLoad: 300000, script: 30000}, unhandledPromptBehavior: dismiss and notify, webauthn:extension:credBlob: true, webauthn:extension:largeBlob: true, webauthn:extension:minPinLength: true, webauthn:extension:prf: true, webauthn:virtualAuthenticators: true}
Session ID: d4ae1f6f2c624d43bb1735a0847efa14]]>
            </message>
            <full-stacktrace>
              <![CDATA[org.openqa.selenium.NoSuchElementException: no such element: Unable to locate element: {"method":"xpath","selector":"//a[@href="/viewcart?exploreMode=true&preference=GROCERY"][1]"}
  (Session info: chrome=124.0.6367.207)
For documentation on this error, please visit: https://www.selenium.dev/documentation/webdriver/troubleshooting/errors#no-such-element-exception
Build info: version: '4.18.1', revision: 'b1d3319b48'
System info: os.name: 'Windows 11', os.arch: 'amd64', os.version: '10.0', java.version: '17.0.10'
Driver info: org.openqa.selenium.chrome.ChromeDriver
Command: [d4ae1f6f2c624d43bb1735a0847efa14, findElement {value=//a[@href="/viewcart?exploreMode=true&preference=GROCERY"][1], using=xpath}]
Capabilities {acceptInsecureCerts: false, browserName: chrome, browserVersion: 124.0.6367.207, chrome: {chromedriverVersion: 124.0.6367.207 (a9001a6e39f..., userDataDir: C:\Users\VARUNB~1\AppData\L...}, fedcm:accounts: true, goog:chromeOptions: {debuggerAddress: localhost:52165}, networkConnectionEnabled: false, pageLoadStrategy: normal, platformName: windows, proxy: Proxy(), se:cdp: ws://localhost:52165/devtoo..., se:cdpVersion: 124.0.6367.207, setWindowRect: true, strictFileInteractability: false, timeouts: {implicit: 0, pageLoad: 300000, script: 30000}, unhandledPromptBehavior: dismiss and notify, webauthn:extension:credBlob: true, webauthn:extension:largeBlob: true, webauthn:extension:minPinLength: true, webauthn:extension:prf: true, webauthn:virtualAuthenticators: true}
Session ID: d4ae1f6f2c624d43bb1735a0847efa14
at java.base/jdk.internal.reflect.NativeConstructorAccessorImpl.newInstance0(Native Method)
at java.base/jdk.internal.reflect.NativeConstructorAccessorImpl.newInstance(NativeConstructorAccessorImpl.java:77)
at java.base/jdk.internal.reflect.DelegatingConstructorAccessorImpl.newInstance(DelegatingConstructorAccessorImpl.java:45)
at java.base/java.lang.reflect.Constructor.newInstanceWithCaller(Constructor.java:499)
at java.base/java.lang.reflect.Constructor.newInstance(Constructor.java:480)
at org.openqa.selenium.remote.ErrorCodec.decode(ErrorCodec.java:167)
at org.openqa.selenium.remote.codec.w3c.W3CHttpResponseCodec.decode(W3CHttpResponseCodec.java:138)
at org.openqa.selenium.remote.codec.w3c.W3CHttpResponseCodec.decode(W3CHttpResponseCodec.java:50)
at org.openqa.selenium.remote.HttpCommandExecutor.execute(HttpCommandExecutor.java:190)
at org.openqa.selenium.remote.service.DriverCommandExecutor.invokeExecute(DriverCommandExecutor.java:216)
at org.openqa.selenium.remote.service.DriverCommandExecutor.execute(DriverCommandExecutor.java:174)
at org.openqa.selenium.remote.RemoteWebDriver.execute(RemoteWebDriver.java:519)
at org.openqa.selenium.remote.ElementLocation$ElementFinder$2.findElement(ElementLocation.java:165)
at org.openqa.selenium.remote.ElementLocation.findElement(ElementLocation.java:59)
at org.openqa.selenium.remote.RemoteWebDriver.findElement(RemoteWebDriver.java:356)
at org.openqa.selenium.remote.RemoteWebDriver.findElement(RemoteWebDriver.java:350)
at org.openqa.selenium.support.pagefactory.DefaultElementLocator.findElement(DefaultElementLocator.java:68)
at org.openqa.selenium.support.pagefactory.internal.LocatingElementHandler.invoke(LocatingElementHandler.java:38)
at jdk.proxy2/jdk.proxy2.$Proxy15.click(Unknown Source)
at pages.FlipkartCheckCart.clickCartButton(FlipkartCheckCart.java:25)
at tests.Test_FlipkartSite.checkMyCart(Test_FlipkartSite.java:438)
at tests.Test_FlipkartSite.executeTestCase(Test_FlipkartSite.java:182)
at jdk.internal.reflect.GeneratedMethodAccessor1.invoke(Unknown Source)
at java.base/jdk.internal.reflect.DelegatingMethodAccessorImpl.invoke(DelegatingMethodAccessorImpl.java:43)
at java.base/java.lang.reflect.Method.invoke(Method.java:568)
at org.testng.internal.invokers.MethodInvocationHelper.invokeMethod(MethodInvocationHelper.java:139)
at org.testng.internal.invokers.TestInvoker.invokeMethod(TestInvoker.java:677)
at org.testng.internal.invokers.TestInvoker.invokeTestMethod(TestInvoker.java:221)
at org.testng.internal.invokers.MethodRunner.runInSequence(MethodRunner.java:50)
at org.testng.internal.invokers.TestInvoker$MethodInvocationAgent.invoke(TestInvoker.java:969)
at org.testng.internal.invokers.TestInvoker.invokeTestMethods(TestInvoker.java:194)
at org.testng.internal.invokers.TestMethodWorker.invokeTestMethods(TestMethodWorker.java:148)
at org.testng.internal.invokers.TestMethodWorker.run(TestMethodWorker.java:128)
at java.base/java.util.ArrayList.forEach(ArrayList.java:1511)
at org.testng.TestRunner.privateRun(TestRunner.java:829)
at org.testng.TestRunner.run(TestRunner.java:602)
at org.testng.SuiteRunner.runTest(SuiteRunner.java:437)
at org.testng.SuiteRunner$SuiteWorker.run(SuiteRunner.java:475)
at org.testng.internal.thread.ThreadUtil.lambda$execute$0(ThreadUtil.java:58)
at java.base/java.util.concurrent.FutureTask.run(FutureTask.java:264)
at java.base/java.util.concurrent.ThreadPoolExecutor.runWorker(ThreadPoolExecutor.java:1136)
at java.base/java.util.concurrent.ThreadPoolExecutor$Worker.run(ThreadPoolExecutor.java:635)
at java.base/java.lang.Thread.run(Thread.java:840)
]]>
            </full-stacktrace>
          </exception> <!-- org.openqa.selenium.NoSuchElementException -->
          <reporter-output>
          </reporter-output>
        </test-method> <!-- executeTestCase -->
        <test-method is-config="true" signature="getTestResult(org.testng.ITestResult,org.testng.ITestContext)[pri:0, instance:tests.Test_FlipkartSite@6ee6f53]" started-at="2024-05-17T11:57:40 IST" name="getTestResult" finished-at="2024-05-17T11:57:41 IST" duration-ms="412" status="PASS">
          <params>
            <param index="0">
              <value>
                <![CDATA[[TestResult name=executeTestCase status=FAILURE method=Test_FlipkartSite.executeTestCase(java.lang.String,java.lang.String,org.testng.ITestContext)[pri:0, instance:tests.Test_FlipkartSite@6ee6f53] output={null}]]]>
              </value>
            </param>
            <param index="1">
              <value>
                <![CDATA[org.testng.TestRunner@42f0f416]]>
              </value>
            </param>
          </params>
          <reporter-output>
          </reporter-output>
        </test-method> <!-- getTestResult -->
        <test-method signature="executeTestCase(java.lang.String,java.lang.String,org.testng.ITestContext)[pri:0, instance:tests.Test_FlipkartSite@6ee6f53]" started-at="2024-05-17T11:57:41 IST" name="executeTestCase" data-provider="testData" finished-at="2024-05-17T11:57:45 IST" duration-ms="3958" status="PASS">
          <params>
            <param index="0">
              <value>
                <![CDATA[checkFlights]]>
              </value>
            </param>
            <param index="1">
              <value>
                <![CDATA[Yes]]>
              </value>
            </param>
            <param index="2">
              <value>
                <![CDATA[org.testng.TestRunner@42f0f416]]>
              </value>
            </param>
          </params>
          <reporter-output>
          </reporter-output>
        </test-method> <!-- executeTestCase -->
        <test-method is-config="true" signature="getTestResult(org.testng.ITestResult,org.testng.ITestContext)[pri:0, instance:tests.Test_FlipkartSite@6ee6f53]" started-at="2024-05-17T11:57:45 IST" name="getTestResult" finished-at="2024-05-17T11:57:45 IST" duration-ms="0" status="PASS">
          <params>
            <param index="0">
              <value>
                <![CDATA[[TestResult name=executeTestCase status=SUCCESS method=Test_FlipkartSite.executeTestCase(java.lang.String,java.lang.String,org.testng.ITestContext)[pri:0, instance:tests.Test_FlipkartSite@6ee6f53] output={null}]]]>
              </value>
            </param>
            <param index="1">
              <value>
                <![CDATA[org.testng.TestRunner@42f0f416]]>
              </value>
            </param>
          </params>
          <reporter-output>
          </reporter-output>
        </test-method> <!-- getTestResult -->
        <test-method signature="executeTestCase(java.lang.String,java.lang.String,org.testng.ITestContext)[pri:0, instance:tests.Test_FlipkartSite@6ee6f53]" started-at="2024-05-17T11:57:45 IST" name="executeTestCase" data-provider="testData" finished-at="2024-05-17T11:57:47 IST" duration-ms="2402" status="FAIL">
          <params>
            <param index="0">
              <value>
                <![CDATA[registerUser]]>
              </value>
            </param>
            <param index="1">
              <value>
                <![CDATA[Yes]]>
              </value>
            </param>
            <param index="2">
              <value>
                <![CDATA[org.testng.TestRunner@42f0f416]]>
              </value>
            </param>
          </params>
          <exception class="org.openqa.selenium.StaleElementReferenceException">
            <message>
              <![CDATA[stale element reference: stale element not found in the current frame
  (Session info: chrome=124.0.6367.207)
For documentation on this error, please visit: https://www.selenium.dev/documentation/webdriver/troubleshooting/errors#stale-element-reference-exception
Build info: version: '4.18.1', revision: 'b1d3319b48'
System info: os.name: 'Windows 11', os.arch: 'amd64', os.version: '10.0', java.version: '17.0.10'
Driver info: org.openqa.selenium.chrome.ChromeDriver
Command: [d4ae1f6f2c624d43bb1735a0847efa14, clickElement {id=f.D4A5B64665C7DB1ABD7D23B8C4C391D4.d.D99C5F106098E14B055DBA047AB4817C.e.860}]
Capabilities {acceptInsecureCerts: false, browserName: chrome, browserVersion: 124.0.6367.207, chrome: {chromedriverVersion: 124.0.6367.207 (a9001a6e39f..., userDataDir: C:\Users\VARUNB~1\AppData\L...}, fedcm:accounts: true, goog:chromeOptions: {debuggerAddress: localhost:52165}, networkConnectionEnabled: false, pageLoadStrategy: normal, platformName: windows, proxy: Proxy(), se:cdp: ws://localhost:52165/devtoo..., se:cdpVersion: 124.0.6367.207, setWindowRect: true, strictFileInteractability: false, timeouts: {implicit: 0, pageLoad: 300000, script: 30000}, unhandledPromptBehavior: dismiss and notify, webauthn:extension:credBlob: true, webauthn:extension:largeBlob: true, webauthn:extension:minPinLength: true, webauthn:extension:prf: true, webauthn:virtualAuthenticators: true}
Element: [[ChromeDriver: chrome on windows (d4ae1f6f2c624d43bb1735a0847efa14)] -> xpath: //div[text()="Sign Up"]]
Session ID: d4ae1f6f2c624d43bb1735a0847efa14]]>
            </message>
            <full-stacktrace>
              <![CDATA[org.openqa.selenium.StaleElementReferenceException: stale element reference: stale element not found in the current frame
  (Session info: chrome=124.0.6367.207)
For documentation on this error, please visit: https://www.selenium.dev/documentation/webdriver/troubleshooting/errors#stale-element-reference-exception
Build info: version: '4.18.1', revision: 'b1d3319b48'
System info: os.name: 'Windows 11', os.arch: 'amd64', os.version: '10.0', java.version: '17.0.10'
Driver info: org.openqa.selenium.chrome.ChromeDriver
Command: [d4ae1f6f2c624d43bb1735a0847efa14, clickElement {id=f.D4A5B64665C7DB1ABD7D23B8C4C391D4.d.D99C5F106098E14B055DBA047AB4817C.e.860}]
Capabilities {acceptInsecureCerts: false, browserName: chrome, browserVersion: 124.0.6367.207, chrome: {chromedriverVersion: 124.0.6367.207 (a9001a6e39f..., userDataDir: C:\Users\VARUNB~1\AppData\L...}, fedcm:accounts: true, goog:chromeOptions: {debuggerAddress: localhost:52165}, networkConnectionEnabled: false, pageLoadStrategy: normal, platformName: windows, proxy: Proxy(), se:cdp: ws://localhost:52165/devtoo..., se:cdpVersion: 124.0.6367.207, setWindowRect: true, strictFileInteractability: false, timeouts: {implicit: 0, pageLoad: 300000, script: 30000}, unhandledPromptBehavior: dismiss and notify, webauthn:extension:credBlob: true, webauthn:extension:largeBlob: true, webauthn:extension:minPinLength: true, webauthn:extension:prf: true, webauthn:virtualAuthenticators: true}
Element: [[ChromeDriver: chrome on windows (d4ae1f6f2c624d43bb1735a0847efa14)] -> xpath: //div[text()="Sign Up"]]
Session ID: d4ae1f6f2c624d43bb1735a0847efa14
at java.base/jdk.internal.reflect.NativeConstructorAccessorImpl.newInstance0(Native Method)
at java.base/jdk.internal.reflect.NativeConstructorAccessorImpl.newInstance(NativeConstructorAccessorImpl.java:77)
at java.base/jdk.internal.reflect.DelegatingConstructorAccessorImpl.newInstance(DelegatingConstructorAccessorImpl.java:45)
at java.base/java.lang.reflect.Constructor.newInstanceWithCaller(Constructor.java:499)
at java.base/java.lang.reflect.Constructor.newInstance(Constructor.java:480)
at org.openqa.selenium.remote.ErrorCodec.decode(ErrorCodec.java:167)
at org.openqa.selenium.remote.codec.w3c.W3CHttpResponseCodec.decode(W3CHttpResponseCodec.java:138)
at org.openqa.selenium.remote.codec.w3c.W3CHttpResponseCodec.decode(W3CHttpResponseCodec.java:50)
at org.openqa.selenium.remote.HttpCommandExecutor.execute(HttpCommandExecutor.java:190)
at org.openqa.selenium.remote.service.DriverCommandExecutor.invokeExecute(DriverCommandExecutor.java:216)
at org.openqa.selenium.remote.service.DriverCommandExecutor.execute(DriverCommandExecutor.java:174)
at org.openqa.selenium.remote.RemoteWebDriver.execute(RemoteWebDriver.java:519)
at org.openqa.selenium.remote.RemoteWebElement.execute(RemoteWebElement.java:223)
at org.openqa.selenium.remote.RemoteWebElement.click(RemoteWebElement.java:76)
at jdk.internal.reflect.GeneratedMethodAccessor3.invoke(Unknown Source)
at java.base/jdk.internal.reflect.DelegatingMethodAccessorImpl.invoke(DelegatingMethodAccessorImpl.java:43)
at java.base/java.lang.reflect.Method.invoke(Method.java:568)
at org.openqa.selenium.support.pagefactory.internal.LocatingElementHandler.invoke(LocatingElementHandler.java:51)
at jdk.proxy2/jdk.proxy2.$Proxy15.click(Unknown Source)
at pages.FlipkartRegister.handleActionChain(FlipkartRegister.java:39)
at tests.Test_FlipkartSite.registerUser(Test_FlipkartSite.java:477)
at tests.Test_FlipkartSite.executeTestCase(Test_FlipkartSite.java:190)
at jdk.internal.reflect.GeneratedMethodAccessor1.invoke(Unknown Source)
at java.base/jdk.internal.reflect.DelegatingMethodAccessorImpl.invoke(DelegatingMethodAccessorImpl.java:43)
at java.base/java.lang.reflect.Method.invoke(Method.java:568)
at org.testng.internal.invokers.MethodInvocationHelper.invokeMethod(MethodInvocationHelper.java:139)
at org.testng.internal.invokers.TestInvoker.invokeMethod(TestInvoker.java:677)
at org.testng.internal.invokers.TestInvoker.invokeTestMethod(TestInvoker.java:221)
at org.testng.internal.invokers.MethodRunner.runInSequence(MethodRunner.java:50)
at org.testng.internal.invokers.TestInvoker$MethodInvocationAgent.invoke(TestInvoker.java:969)
at org.testng.internal.invokers.TestInvoker.invokeTestMethods(TestInvoker.java:194)
at org.testng.internal.invokers.TestMethodWorker.invokeTestMethods(TestMethodWorker.java:148)
at org.testng.internal.invokers.TestMethodWorker.run(TestMethodWorker.java:128)
at java.base/java.util.ArrayList.forEach(ArrayList.java:1511)
at org.testng.TestRunner.privateRun(TestRunner.java:829)
at org.testng.TestRunner.run(TestRunner.java:602)
at org.testng.SuiteRunner.runTest(SuiteRunner.java:437)
at org.testng.SuiteRunner$SuiteWorker.run(SuiteRunner.java:475)
at org.testng.internal.thread.ThreadUtil.lambda$execute$0(ThreadUtil.java:58)
at java.base/java.util.concurrent.FutureTask.run(FutureTask.java:264)
at java.base/java.util.concurrent.ThreadPoolExecutor.runWorker(ThreadPoolExecutor.java:1136)
at java.base/java.util.concurrent.ThreadPoolExecutor$Worker.run(ThreadPoolExecutor.java:635)
at java.base/java.lang.Thread.run(Thread.java:840)
]]>
            </full-stacktrace>
          </exception> <!-- org.openqa.selenium.StaleElementReferenceException -->
          <reporter-output>
          </reporter-output>
        </test-method> <!-- executeTestCase -->
        <test-method is-config="true" signature="getTestResult(org.testng.ITestResult,org.testng.ITestContext)[pri:0, instance:tests.Test_FlipkartSite@6ee6f53]" started-at="2024-05-17T11:57:47 IST" name="getTestResult" finished-at="2024-05-17T11:57:48 IST" duration-ms="445" status="PASS">
          <params>
            <param index="0">
              <value>
                <![CDATA[[TestResult name=executeTestCase status=FAILURE method=Test_FlipkartSite.executeTestCase(java.lang.String,java.lang.String,org.testng.ITestContext)[pri:0, instance:tests.Test_FlipkartSite@6ee6f53] output={null}]]]>
              </value>
            </param>
            <param index="1">
              <value>
                <![CDATA[org.testng.TestRunner@42f0f416]]>
              </value>
            </param>
          </params>
          <reporter-output>
          </reporter-output>
        </test-method> <!-- getTestResult -->
        <test-method signature="executeTestCase(java.lang.String,java.lang.String,org.testng.ITestContext)[pri:0, instance:tests.Test_FlipkartSite@6ee6f53]" started-at="2024-05-17T11:57:48 IST" name="executeTestCase" data-provider="testData" finished-at="2024-05-17T11:58:00 IST" duration-ms="12625" status="FAIL">
          <params>
            <param index="0">
              <value>
                <![CDATA[checkLogin]]>
              </value>
            </param>
            <param index="1">
              <value>
                <![CDATA[Yes]]>
              </value>
            </param>
            <param index="2">
              <value>
                <![CDATA[org.testng.TestRunner@42f0f416]]>
              </value>
            </param>
          </params>
          <exception class="com.mailosaur.MailosaurException">
            <message>
              <![CDATA[No matching messages found in time. By default, only messages received in the last hour are checked (use receivedAfter to override this).]]>
            </message>
            <full-stacktrace>
              <![CDATA[com.mailosaur.MailosaurException: No matching messages found in time. By default, only messages received in the last hour are checked (use receivedAfter to override this).
at com.mailosaur.Messages.search(Messages.java:345)
at com.mailosaur.Messages.get(Messages.java:55)
at pages.FlipkartLoginPage.generateOTP(FlipkartLoginPage.java:84)
at tests.Test_FlipkartSite.checkLogin(Test_FlipkartSite.java:505)
at tests.Test_FlipkartSite.executeTestCase(Test_FlipkartSite.java:194)
at jdk.internal.reflect.GeneratedMethodAccessor1.invoke(Unknown Source)
at java.base/jdk.internal.reflect.DelegatingMethodAccessorImpl.invoke(DelegatingMethodAccessorImpl.java:43)
at java.base/java.lang.reflect.Method.invoke(Method.java:568)
at org.testng.internal.invokers.MethodInvocationHelper.invokeMethod(MethodInvocationHelper.java:139)
at org.testng.internal.invokers.TestInvoker.invokeMethod(TestInvoker.java:677)
at org.testng.internal.invokers.TestInvoker.invokeTestMethod(TestInvoker.java:221)
at org.testng.internal.invokers.MethodRunner.runInSequence(MethodRunner.java:50)
at org.testng.internal.invokers.TestInvoker$MethodInvocationAgent.invoke(TestInvoker.java:969)
at org.testng.internal.invokers.TestInvoker.invokeTestMethods(TestInvoker.java:194)
at org.testng.internal.invokers.TestMethodWorker.invokeTestMethods(TestMethodWorker.java:148)
at org.testng.internal.invokers.TestMethodWorker.run(TestMethodWorker.java:128)
at java.base/java.util.ArrayList.forEach(ArrayList.java:1511)
at org.testng.TestRunner.privateRun(TestRunner.java:829)
at org.testng.TestRunner.run(TestRunner.java:602)
at org.testng.SuiteRunner.runTest(SuiteRunner.java:437)
at org.testng.SuiteRunner$SuiteWorker.run(SuiteRunner.java:475)
at org.testng.internal.thread.ThreadUtil.lambda$execute$0(ThreadUtil.java:58)
at java.base/java.util.concurrent.FutureTask.run(FutureTask.java:264)
at java.base/java.util.concurrent.ThreadPoolExecutor.runWorker(ThreadPoolExecutor.java:1136)
at java.base/java.util.concurrent.ThreadPoolExecutor$Worker.run(ThreadPoolExecutor.java:635)
at java.base/java.lang.Thread.run(Thread.java:840)
]]>
            </full-stacktrace>
          </exception> <!-- com.mailosaur.MailosaurException -->
          <reporter-output>
          </reporter-output>
        </test-method> <!-- executeTestCase -->
        <test-method is-config="true" signature="getTestResult(org.testng.ITestResult,org.testng.ITestContext)[pri:0, instance:tests.Test_FlipkartSite@6ee6f53]" started-at="2024-05-17T11:58:00 IST" name="getTestResult" finished-at="2024-05-17T11:58:00 IST" duration-ms="207" status="PASS">
          <params>
            <param index="0">
              <value>
                <![CDATA[[TestResult name=executeTestCase status=FAILURE method=Test_FlipkartSite.executeTestCase(java.lang.String,java.lang.String,org.testng.ITestContext)[pri:0, instance:tests.Test_FlipkartSite@6ee6f53] output={null}]]]>
              </value>
            </param>
            <param index="1">
              <value>
                <![CDATA[org.testng.TestRunner@42f0f416]]>
              </value>
            </param>
          </params>
          <reporter-output>
          </reporter-output>
        </test-method> <!-- getTestResult -->
        <test-method is-config="true" signature="tearDownTest()[pri:0, instance:tests.Test_FlipkartSite@6ee6f53]" started-at="2024-05-17T11:58:00 IST" name="tearDownTest" finished-at="2024-05-17T11:58:02 IST" duration-ms="1323" status="PASS">
          <reporter-output>
          </reporter-output>
        </test-method> <!-- tearDownTest -->
      </class> <!-- tests.Test_FlipkartSite -->
    </test> <!-- ChromeTest -->
    <test started-at="2024-05-17T11:56:16 IST" name="EdgeTest" finished-at="2024-05-17T11:58:02 IST" duration-ms="106317">
      <class name="tests.Test_FlipkartSite">
        <test-method is-config="true" signature="initializeDriver(java.lang.String)[pri:0, instance:tests.Test_FlipkartSite@e54303]" started-at="2024-05-17T11:56:16 IST" name="initializeDriver" finished-at="2024-05-17T11:56:22 IST" duration-ms="6255" status="PASS">
          <params>
            <param index="0">
              <value>
                <![CDATA[edge]]>
              </value>
            </param>
          </params>
          <reporter-output>
          </reporter-output>
        </test-method> <!-- initializeDriver -->
        <test-method signature="executeTestCase(java.lang.String,java.lang.String,org.testng.ITestContext)[pri:0, instance:tests.Test_FlipkartSite@e54303]" started-at="2024-05-17T11:56:24 IST" name="executeTestCase" data-provider="testData" finished-at="2024-05-17T11:56:33 IST" duration-ms="9196" status="PASS">
          <params>
            <param index="0">
              <value>
                <![CDATA[getFlipkartSite]]>
              </value>
            </param>
            <param index="1">
              <value>
                <![CDATA[Yes]]>
              </value>
            </param>
            <param index="2">
              <value>
                <![CDATA[org.testng.TestRunner@591b8c05]]>
              </value>
            </param>
          </params>
          <reporter-output>
          </reporter-output>
        </test-method> <!-- executeTestCase -->
        <test-method is-config="true" signature="getTestResult(org.testng.ITestResult,org.testng.ITestContext)[pri:0, instance:tests.Test_FlipkartSite@e54303]" started-at="2024-05-17T11:56:33 IST" name="getTestResult" finished-at="2024-05-17T11:56:33 IST" duration-ms="1" status="PASS">
          <params>
            <param index="0">
              <value>
                <![CDATA[[TestResult name=executeTestCase status=SUCCESS method=Test_FlipkartSite.executeTestCase(java.lang.String,java.lang.String,org.testng.ITestContext)[pri:0, instance:tests.Test_FlipkartSite@e54303] output={null}]]]>
              </value>
            </param>
            <param index="1">
              <value>
                <![CDATA[org.testng.TestRunner@591b8c05]]>
              </value>
            </param>
          </params>
          <reporter-output>
          </reporter-output>
        </test-method> <!-- getTestResult -->
        <test-method signature="executeTestCase(java.lang.String,java.lang.String,org.testng.ITestContext)[pri:0, instance:tests.Test_FlipkartSite@e54303]" started-at="2024-05-17T11:56:33 IST" name="executeTestCase" data-provider="testData" finished-at="2024-05-17T11:56:33 IST" duration-ms="1" status="PASS">
          <params>
            <param index="0">
              <value>
                <![CDATA[clickOnProduct]]>
              </value>
            </param>
            <param index="1">
              <value>
                <![CDATA[No]]>
              </value>
            </param>
            <param index="2">
              <value>
                <![CDATA[org.testng.TestRunner@591b8c05]]>
              </value>
            </param>
          </params>
          <reporter-output>
          </reporter-output>
        </test-method> <!-- executeTestCase -->
        <test-method is-config="true" signature="getTestResult(org.testng.ITestResult,org.testng.ITestContext)[pri:0, instance:tests.Test_FlipkartSite@e54303]" started-at="2024-05-17T11:56:33 IST" name="getTestResult" finished-at="2024-05-17T11:56:33 IST" duration-ms="1" status="PASS">
          <params>
            <param index="0">
              <value>
                <![CDATA[[TestResult name=executeTestCase status=SUCCESS method=Test_FlipkartSite.executeTestCase(java.lang.String,java.lang.String,org.testng.ITestContext)[pri:0, instance:tests.Test_FlipkartSite@e54303] output={null}]]]>
              </value>
            </param>
            <param index="1">
              <value>
                <![CDATA[org.testng.TestRunner@591b8c05]]>
              </value>
            </param>
          </params>
          <reporter-output>
          </reporter-output>
        </test-method> <!-- getTestResult -->
        <test-method signature="executeTestCase(java.lang.String,java.lang.String,org.testng.ITestContext)[pri:0, instance:tests.Test_FlipkartSite@e54303]" started-at="2024-05-17T11:56:33 IST" name="executeTestCase" data-provider="testData" finished-at="2024-05-17T11:56:43 IST" duration-ms="10403" status="PASS">
          <params>
            <param index="0">
              <value>
                <![CDATA[searchProduct]]>
              </value>
            </param>
            <param index="1">
              <value>
                <![CDATA[Yes]]>
              </value>
            </param>
            <param index="2">
              <value>
                <![CDATA[org.testng.TestRunner@591b8c05]]>
              </value>
            </param>
          </params>
          <reporter-output>
          </reporter-output>
        </test-method> <!-- executeTestCase -->
        <test-method is-config="true" signature="getTestResult(org.testng.ITestResult,org.testng.ITestContext)[pri:0, instance:tests.Test_FlipkartSite@e54303]" started-at="2024-05-17T11:56:43 IST" name="getTestResult" finished-at="2024-05-17T11:56:43 IST" duration-ms="0" status="PASS">
          <params>
            <param index="0">
              <value>
                <![CDATA[[TestResult name=executeTestCase status=SUCCESS method=Test_FlipkartSite.executeTestCase(java.lang.String,java.lang.String,org.testng.ITestContext)[pri:0, instance:tests.Test_FlipkartSite@e54303] output={null}]]]>
              </value>
            </param>
            <param index="1">
              <value>
                <![CDATA[org.testng.TestRunner@591b8c05]]>
              </value>
            </param>
          </params>
          <reporter-output>
          </reporter-output>
        </test-method> <!-- getTestResult -->
        <test-method signature="executeTestCase(java.lang.String,java.lang.String,org.testng.ITestContext)[pri:0, instance:tests.Test_FlipkartSite@e54303]" started-at="2024-05-17T11:56:43 IST" name="executeTestCase" data-provider="testData" finished-at="2024-05-17T11:56:55 IST" duration-ms="11028" status="PASS">
          <params>
            <param index="0">
              <value>
                <![CDATA[changingPinCode]]>
              </value>
            </param>
            <param index="1">
              <value>
                <![CDATA[Yes]]>
              </value>
            </param>
            <param index="2">
              <value>
                <![CDATA[org.testng.TestRunner@591b8c05]]>
              </value>
            </param>
          </params>
          <reporter-output>
          </reporter-output>
        </test-method> <!-- executeTestCase -->
        <test-method is-config="true" signature="getTestResult(org.testng.ITestResult,org.testng.ITestContext)[pri:0, instance:tests.Test_FlipkartSite@e54303]" started-at="2024-05-17T11:56:55 IST" name="getTestResult" finished-at="2024-05-17T11:56:55 IST" duration-ms="0" status="PASS">
          <params>
            <param index="0">
              <value>
                <![CDATA[[TestResult name=executeTestCase status=SUCCESS method=Test_FlipkartSite.executeTestCase(java.lang.String,java.lang.String,org.testng.ITestContext)[pri:0, instance:tests.Test_FlipkartSite@e54303] output={null}]]]>
              </value>
            </param>
            <param index="1">
              <value>
                <![CDATA[org.testng.TestRunner@591b8c05]]>
              </value>
            </param>
          </params>
          <reporter-output>
          </reporter-output>
        </test-method> <!-- getTestResult -->
        <test-method signature="executeTestCase(java.lang.String,java.lang.String,org.testng.ITestContext)[pri:0, instance:tests.Test_FlipkartSite@e54303]" started-at="2024-05-17T11:56:55 IST" name="executeTestCase" data-provider="testData" finished-at="2024-05-17T11:57:05 IST" duration-ms="10073" status="PASS">
          <params>
            <param index="0">
              <value>
                <![CDATA[checkProductImages]]>
              </value>
            </param>
            <param index="1">
              <value>
                <![CDATA[Yes]]>
              </value>
            </param>
            <param index="2">
              <value>
                <![CDATA[org.testng.TestRunner@591b8c05]]>
              </value>
            </param>
          </params>
          <reporter-output>
          </reporter-output>
        </test-method> <!-- executeTestCase -->
        <test-method is-config="true" signature="getTestResult(org.testng.ITestResult,org.testng.ITestContext)[pri:0, instance:tests.Test_FlipkartSite@e54303]" started-at="2024-05-17T11:57:05 IST" name="getTestResult" finished-at="2024-05-17T11:57:05 IST" duration-ms="1" status="PASS">
          <params>
            <param index="0">
              <value>
                <![CDATA[[TestResult name=executeTestCase status=SUCCESS method=Test_FlipkartSite.executeTestCase(java.lang.String,java.lang.String,org.testng.ITestContext)[pri:0, instance:tests.Test_FlipkartSite@e54303] output={null}]]]>
              </value>
            </param>
            <param index="1">
              <value>
                <![CDATA[org.testng.TestRunner@591b8c05]]>
              </value>
            </param>
          </params>
          <reporter-output>
          </reporter-output>
        </test-method> <!-- getTestResult -->
        <test-method signature="executeTestCase(java.lang.String,java.lang.String,org.testng.ITestContext)[pri:0, instance:tests.Test_FlipkartSite@e54303]" started-at="2024-05-17T11:57:05 IST" name="executeTestCase" data-provider="testData" finished-at="2024-05-17T11:57:06 IST" duration-ms="922" status="PASS">
          <params>
            <param index="0">
              <value>
                <![CDATA[addToCart]]>
              </value>
            </param>
            <param index="1">
              <value>
                <![CDATA[Yes]]>
              </value>
            </param>
            <param index="2">
              <value>
                <![CDATA[org.testng.TestRunner@591b8c05]]>
              </value>
            </param>
          </params>
          <reporter-output>
          </reporter-output>
        </test-method> <!-- executeTestCase -->
        <test-method is-config="true" signature="getTestResult(org.testng.ITestResult,org.testng.ITestContext)[pri:0, instance:tests.Test_FlipkartSite@e54303]" started-at="2024-05-17T11:57:06 IST" name="getTestResult" finished-at="2024-05-17T11:57:06 IST" duration-ms="0" status="PASS">
          <params>
            <param index="0">
              <value>
                <![CDATA[[TestResult name=executeTestCase status=SUCCESS method=Test_FlipkartSite.executeTestCase(java.lang.String,java.lang.String,org.testng.ITestContext)[pri:0, instance:tests.Test_FlipkartSite@e54303] output={null}]]]>
              </value>
            </param>
            <param index="1">
              <value>
                <![CDATA[org.testng.TestRunner@591b8c05]]>
              </value>
            </param>
          </params>
          <reporter-output>
          </reporter-output>
        </test-method> <!-- getTestResult -->
        <test-method signature="executeTestCase(java.lang.String,java.lang.String,org.testng.ITestContext)[pri:0, instance:tests.Test_FlipkartSite@e54303]" started-at="2024-05-17T11:57:06 IST" name="executeTestCase" data-provider="testData" finished-at="2024-05-17T11:57:14 IST" duration-ms="8293" status="PASS">
          <params>
            <param index="0">
              <value>
[...]
Capabilities {acceptInsecureCerts: true, browserName: firefox, browserVersion: 125.0.3, moz:accessibilityChecks: false, moz:buildID: 20240425211020, moz:debuggerAddress: 127.0.0.1:39656, moz:geckodriverVersion: 0.34.0, moz:headless: false, moz:platformVersion: 10.0, moz:processID: 40684, moz:profile: C:\Users\VARUNB~1\AppData\L..., moz:shutdownTimeout: 60000, moz:webdriverClick: true, moz:windowless: false, pageLoadStrategy: normal, platformName: windows, proxy: Proxy(), se:cdp: ws://127.0.0.1:39656/devtoo..., se:cdpVersion: 85.0, setWindowRect: true, strictFileInteractability: false, timeouts: {implicit: 0, pageLoad: 300000, script: 30000}, unhandledPromptBehavior: dismiss and notify, userAgent: Mozilla/5.0 (Windows NT 10....}
Element: [[FirefoxDriver: firefox on windows (45235e6e-8534-45d1-8f4e-3fcf5abfb825)] -> css selector: div._98hP1j span]
Session ID: 45235e6e-8534-45d1-8f4e-3fcf5abfb825]]>
            </message>
            <full-stacktrace>
              <![CDATA[org.openqa.selenium.StaleElementReferenceException: The element with the reference 3f18dbee-ad97-49b1-b743-0e6489d1c139 is stale; either its node document is not the active document, or it is no longer connected to the DOM
For documentation on this error, please visit: https://www.selenium.dev/documentation/webdriver/troubleshooting/errors#stale-element-reference-exception
Build info: version: '4.18.1', revision: 'b1d3319b48'
System info: os.name: 'Windows 11', os.arch: 'amd64', os.version: '10.0', java.version: '17.0.10'
Driver info: org.openqa.selenium.firefox.FirefoxDriver
Command: [45235e6e-8534-45d1-8f4e-3fcf5abfb825, getElementText {id=3f18dbee-ad97-49b1-b743-0e6489d1c139}]
Capabilities {acceptInsecureCerts: true, browserName: firefox, browserVersion: 125.0.3, moz:accessibilityChecks: false, moz:buildID: 20240425211020, moz:debuggerAddress: 127.0.0.1:39656, moz:geckodriverVersion: 0.34.0, moz:headless: false, moz:platformVersion: 10.0, moz:processID: 40684, moz:profile: C:\Users\VARUNB~1\AppData\L..., moz:shutdownTimeout: 60000, moz:webdriverClick: true, moz:windowless: false, pageLoadStrategy: normal, platformName: windows, proxy: Proxy(), se:cdp: ws://127.0.0.1:39656/devtoo..., se:cdpVersion: 85.0, setWindowRect: true, strictFileInteractability: false, timeouts: {implicit: 0, pageLoad: 300000, script: 30000}, unhandledPromptBehavior: dismiss and notify, userAgent: Mozilla/5.0 (Windows NT 10....}
Element: [[FirefoxDriver: firefox on windows (45235e6e-8534-45d1-8f4e-3fcf5abfb825)] -> css selector: div._98hP1j span]
Session ID: 45235e6e-8534-45d1-8f4e-3fcf5abfb825
at java.base/jdk.internal.reflect.NativeConstructorAccessorImpl.newInstance0(Native Method)
at java.base/jdk.internal.reflect.NativeConstructorAccessorImpl.newInstance(NativeConstructorAccessorImpl.java:77)
at java.base/jdk.internal.reflect.DelegatingConstructorAccessorImpl.newInstance(DelegatingConstructorAccessorImpl.java:45)
at java.base/java.lang.reflect.Constructor.newInstanceWithCaller(Constructor.java:499)
at java.base/java.lang.reflect.Constructor.newInstance(Constructor.java:480)
at org.openqa.selenium.remote.ErrorCodec.decode(ErrorCodec.java:167)
at org.openqa.selenium.remote.codec.w3c.W3CHttpResponseCodec.decode(W3CHttpResponseCodec.java:138)
at org.openqa.selenium.remote.codec.w3c.W3CHttpResponseCodec.decode(W3CHttpResponseCodec.java:50)
at org.openqa.selenium.remote.HttpCommandExecutor.execute(HttpCommandExecutor.java:190)
at org.openqa.selenium.remote.service.DriverCommandExecutor.invokeExecute(DriverCommandExecutor.java:216)
at org.openqa.selenium.remote.service.DriverCommandExecutor.execute(DriverCommandExecutor.java:174)
at org.openqa.selenium.remote.RemoteWebDriver.execute(RemoteWebDriver.java:519)
at org.openqa.selenium.remote.RemoteWebElement.execute(RemoteWebElement.java:223)
at org.openqa.selenium.remote.RemoteWebElement.getText(RemoteWebElement.java:191)
at pages.FlipkartFlightPage.selectCity(FlipkartFlightPage.java:42)
at tests.Test_FlipkartSite.checkFlights(Test_FlipkartSite.java:461)
at tests.Test_FlipkartSite.executeTestCase(Test_FlipkartSite.java:186)
at jdk.internal.reflect.GeneratedMethodAccessor1.invoke(Unknown Source)
at java.base/jdk.internal.reflect.DelegatingMethodAccessorImpl.invoke(DelegatingMethodAccessorImpl.java:43)
at java.base/java.lang.reflect.Method.invoke(Method.java:568)
at org.testng.internal.invokers.MethodInvocationHelper.invokeMethod(MethodInvocationHelper.java:139)
at org.testng.internal.invokers.TestInvoker.invokeMethod(TestInvoker.java:677)
at org.testng.internal.invokers.TestInvoker.invokeTestMethod(TestInvoker.java:221)
at org.testng.internal.invokers.MethodRunner.runInSequence(MethodRunner.java:50)
at org.testng.internal.invokers.TestInvoker$MethodInvocationAgent.invoke(TestInvoker.java:969)
at org.testng.internal.invokers.TestInvoker.invokeTestMethods(TestInvoker.java:194)
at org.testng.internal.invokers.TestMethodWorker.invokeTestMethods(TestMethodWorker.java:148)
at org.testng.internal.invokers.TestMethodWorker.run(TestMethodWorker.java:128)
at java.base/java.util.ArrayList.forEach(ArrayList.java:1511)
at org.testng.TestRunner.privateRun(TestRunner.java:829)
at org.testng.TestRunner.run(TestRunner.java:602)
at org.testng.SuiteRunner.runTest(SuiteRunner.java:437)
at org.testng.SuiteRunner$SuiteWorker.run(SuiteRunner.java:475)
at org.testng.internal.thread.ThreadUtil.lambda$execute$0(ThreadUtil.java:58)
at java.base/java.util.concurrent.FutureTask.run(FutureTask.java:264)
at java.base/java.util.concurrent.ThreadPoolExecutor.runWorker(ThreadPoolExecutor.java:1136)
at java.base/java.util.concurrent.ThreadPoolExecutor$Worker.run(ThreadPoolExecutor.java:635)
at java.base/java.lang.Thread.run(Thread.java:840)
]]>
            </full-stacktrace>
          </exception> <!-- org.openqa.selenium.StaleElementReferenceException -->
          <reporter-output>
          </reporter-output>
        </test-method> <!-- executeTestCase -->
        <test-method is-config="true" signature="getTestResult(org.testng.ITestResult,org.testng.ITestContext)[pri:0, instance:tests.Test_FlipkartSite@2a448449]" started-at="2024-05-17T11:57:53 IST" name="getTestResult" finished-at="2024-05-17T11:57:54 IST" duration-ms="538" status="PASS">
          <params>
            <param index="0">
              <value>
                <![CDATA[[TestResult name=executeTestCase status=FAILURE method=Test_FlipkartSite.executeTestCase(java.lang.String,java.lang.String,org.testng.ITestContext)[pri:0, instance:tests.Test_FlipkartSite@2a448449] output={null}]]]>
              </value>
            </param>
            <param index="1">
              <value>
                <![CDATA[org.testng.TestRunner@dc58a56]]>
              </value>
            </param>
          </params>
          <reporter-output>
          </reporter-output>
        </test-method> <!-- getTestResult -->
        <test-method signature="executeTestCase(java.lang.String,java.lang.String,org.testng.ITestContext)[pri:0, instance:tests.Test_FlipkartSite@2a448449]" started-at="2024-05-17T11:57:54 IST" name="executeTestCase" data-provider="testData" finished-at="2024-05-17T11:58:07 IST" duration-ms="13112" status="FAIL">
          <params>
            <param index="0">
              <value>
                <![CDATA[registerUser]]>
              </value>
            </param>
            <param index="1">
              <value>
                <![CDATA[Yes]]>
              </value>
            </param>
            <param index="2">
              <value>
                <![CDATA[org.testng.TestRunner@dc58a56]]>
              </value>
            </param>
          </params>
          <exception class="org.openqa.selenium.NoSuchElementException">
            <message>
              <![CDATA[Unable to locate element: //span[text()="Enter OTP"]
For documentation on this error, please visit: https://www.selenium.dev/documentation/webdriver/troubleshooting/errors#no-such-element-exception
Build info: version: '4.18.1', revision: 'b1d3319b48'
System info: os.name: 'Windows 11', os.arch: 'amd64', os.version: '10.0', java.version: '17.0.10'
Driver info: org.openqa.selenium.firefox.FirefoxDriver
Command: [45235e6e-8534-45d1-8f4e-3fcf5abfb825, findElement {value=//span[text()="Enter OTP"], using=xpath}]
Capabilities {acceptInsecureCerts: true, browserName: firefox, browserVersion: 125.0.3, moz:accessibilityChecks: false, moz:buildID: 20240425211020, moz:debuggerAddress: 127.0.0.1:39656, moz:geckodriverVersion: 0.34.0, moz:headless: false, moz:platformVersion: 10.0, moz:processID: 40684, moz:profile: C:\Users\VARUNB~1\AppData\L..., moz:shutdownTimeout: 60000, moz:webdriverClick: true, moz:windowless: false, pageLoadStrategy: normal, platformName: windows, proxy: Proxy(), se:cdp: ws://127.0.0.1:39656/devtoo..., se:cdpVersion: 85.0, setWindowRect: true, strictFileInteractability: false, timeouts: {implicit: 0, pageLoad: 300000, script: 30000}, unhandledPromptBehavior: dismiss and notify, userAgent: Mozilla/5.0 (Windows NT 10....}
Session ID: 45235e6e-8534-45d1-8f4e-3fcf5abfb825]]>
            </message>
            <full-stacktrace>
              <![CDATA[org.openqa.selenium.NoSuchElementException: Unable to locate element: //span[text()="Enter OTP"]
For documentation on this error, please visit: https://www.selenium.dev/documentation/webdriver/troubleshooting/errors#no-such-element-exception
Build info: version: '4.18.1', revision: 'b1d3319b48'
System info: os.name: 'Windows 11', os.arch: 'amd64', os.version: '10.0', java.version: '17.0.10'
Driver info: org.openqa.selenium.firefox.FirefoxDriver
Command: [45235e6e-8534-45d1-8f4e-3fcf5abfb825, findElement {value=//span[text()="Enter OTP"], using=xpath}]
Capabilities {acceptInsecureCerts: true, browserName: firefox, browserVersion: 125.0.3, moz:accessibilityChecks: false, moz:buildID: 20240425211020, moz:debuggerAddress: 127.0.0.1:39656, moz:geckodriverVersion: 0.34.0, moz:headless: false, moz:platformVersion: 10.0, moz:processID: 40684, moz:profile: C:\Users\VARUNB~1\AppData\L..., moz:shutdownTimeout: 60000, moz:webdriverClick: true, moz:windowless: false, pageLoadStrategy: normal, platformName: windows, proxy: Proxy(), se:cdp: ws://127.0.0.1:39656/devtoo..., se:cdpVersion: 85.0, setWindowRect: true, strictFileInteractability: false, timeouts: {implicit: 0, pageLoad: 300000, script: 30000}, unhandledPromptBehavior: dismiss and notify, userAgent: Mozilla/5.0 (Windows NT 10....}
Session ID: 45235e6e-8534-45d1-8f4e-3fcf5abfb825
at java.base/jdk.internal.reflect.NativeConstructorAccessorImpl.newInstance0(Native Method)
at java.base/jdk.internal.reflect.NativeConstructorAccessorImpl.newInstance(NativeConstructorAccessorImpl.java:77)
at java.base/jdk.internal.reflect.DelegatingConstructorAccessorImpl.newInstance(DelegatingConstructorAccessorImpl.java:45)
at java.base/java.lang.reflect.Constructor.newInstanceWithCaller(Constructor.java:499)
at java.base/java.lang.reflect.Constructor.newInstance(Constructor.java:480)
at org.openqa.selenium.remote.ErrorCodec.decode(ErrorCodec.java:167)
at org.openqa.selenium.remote.codec.w3c.W3CHttpResponseCodec.decode(W3CHttpResponseCodec.java:138)
at org.openqa.selenium.remote.codec.w3c.W3CHttpResponseCodec.decode(W3CHttpResponseCodec.java:50)
at org.openqa.selenium.remote.HttpCommandExecutor.execute(HttpCommandExecutor.java:190)
at org.openqa.selenium.remote.service.DriverCommandExecutor.invokeExecute(DriverCommandExecutor.java:216)
at org.openqa.selenium.remote.service.DriverCommandExecutor.execute(DriverCommandExecutor.java:174)
at org.openqa.selenium.remote.RemoteWebDriver.execute(RemoteWebDriver.java:519)
at org.openqa.selenium.remote.ElementLocation$ElementFinder$2.findElement(ElementLocation.java:165)
at org.openqa.selenium.remote.ElementLocation.findElement(ElementLocation.java:59)
at org.openqa.selenium.remote.RemoteWebDriver.findElement(RemoteWebDriver.java:356)
at org.openqa.selenium.remote.RemoteWebDriver.findElement(RemoteWebDriver.java:350)
at org.openqa.selenium.support.pagefactory.DefaultElementLocator.findElement(DefaultElementLocator.java:68)
at org.openqa.selenium.support.pagefactory.internal.LocatingElementHandler.invoke(LocatingElementHandler.java:38)
at jdk.proxy2/jdk.proxy2.$Proxy15.sendKeys(Unknown Source)
at pages.FlipkartRegister.enterOTP(FlipkartRegister.java:55)
at tests.Test_FlipkartSite.registerUser(Test_FlipkartSite.java:481)
at tests.Test_FlipkartSite.executeTestCase(Test_FlipkartSite.java:190)
at jdk.internal.reflect.GeneratedMethodAccessor1.invoke(Unknown Source)
at java.base/jdk.internal.reflect.DelegatingMethodAccessorImpl.invoke(DelegatingMethodAccessorImpl.java:43)
at java.base/java.lang.reflect.Method.invoke(Method.java:568)
at org.testng.internal.invokers.MethodInvocationHelper.invokeMethod(MethodInvocationHelper.java:139)
at org.testng.internal.invokers.TestInvoker.invokeMethod(TestInvoker.java:677)
at org.testng.internal.invokers.TestInvoker.invokeTestMethod(TestInvoker.java:221)
at org.testng.internal.invokers.MethodRunner.runInSequence(MethodRunner.java:50)
at org.testng.internal.invokers.TestInvoker$MethodInvocationAgent.invoke(TestInvoker.java:969)
at org.testng.internal.invokers.TestInvoker.invokeTestMethods(TestInvoker.java:194)
at org.testng.internal.invokers.TestMethodWorker.invokeTestMethods(TestMethodWorker.java:148)
at org.testng.internal.invokers.TestMethodWorker.run(TestMethodWorker.java:128)
at java.base/java.util.ArrayList.forEach(ArrayList.java:1511)
at org.testng.TestRunner.privateRun(TestRunner.java:829)
at org.testng.TestRunner.run(TestRunner.java:602)
at org.testng.SuiteRunner.runTest(SuiteRunner.java:437)
at org.testng.SuiteRunner$SuiteWorker.run(SuiteRunner.java:475)
at org.testng.internal.thread.ThreadUtil.lambda$execute$0(ThreadUtil.java:58)
at java.base/java.util.concurrent.FutureTask.run(FutureTask.java:264)
at java.base/java.util.concurrent.ThreadPoolExecutor.runWorker(ThreadPoolExecutor.java:1136)
at java.base/java.util.concurrent.ThreadPoolExecutor$Worker.run(ThreadPoolExecutor.java:635)
at java.base/java.lang.Thread.run(Thread.java:840)
]]>
            </full-stacktrace>
          </exception> <!-- org.openqa.selenium.NoSuchElementException -->
          <reporter-output>
          </reporter-output>
        </test-method> <!-- executeTestCase -->
        <test-method is-config="true" signature="getTestResult(org.testng.ITestResult,org.testng.ITestContext)[pri:0, instance:tests.Test_FlipkartSite@2a448449]" started-at="2024-05-17T11:58:07 IST" name="getTestResult" finished-at="2024-05-17T11:58:07 IST" duration-ms="128" status="PASS">
          <params>
            <param index="0">
              <value>
                <![CDATA[[TestResult name=executeTestCase status=FAILURE method=Test_FlipkartSite.executeTestCase(java.lang.String,java.lang.String,org.testng.ITestContext)[pri:0, instance:tests.Test_FlipkartSite@2a448449] output={null}]]]>
              </value>
            </param>
            <param index="1">
              <value>
                <![CDATA[org.testng.TestRunner@dc58a56]]>
              </value>
            </param>
          </params>
          <reporter-output>
          </reporter-output>
        </test-method> <!-- getTestResult -->
        <test-method signature="executeTestCase(java.lang.String,java.lang.String,org.testng.ITestContext)[pri:0, instance:tests.Test_FlipkartSite@2a448449]" started-at="2024-05-17T11:58:07 IST" name="executeTestCase" data-provider="testData" finished-at="2024-05-17T11:58:18 IST" duration-ms="10953" status="FAIL">
          <params>
            <param index="0">
              <value>
                <![CDATA[checkLogin]]>
              </value>
            </param>
            <param index="1">
              <value>
                <![CDATA[Yes]]>
              </value>
            </param>
            <param index="2">
              <value>
                <![CDATA[org.testng.TestRunner@dc58a56]]>
              </value>
            </param>
          </params>
          <exception class="com.mailosaur.MailosaurException">
            <message>
              <![CDATA[No matching messages found in time. By default, only messages received in the last hour are checked (use receivedAfter to override this).]]>
            </message>
            <full-stacktrace>
              <![CDATA[com.mailosaur.MailosaurException: No matching messages found in time. By default, only messages received in the last hour are checked (use receivedAfter to override this).
at com.mailosaur.Messages.search(Messages.java:345)
at com.mailosaur.Messages.get(Messages.java:55)
at pages.FlipkartLoginPage.generateOTP(FlipkartLoginPage.java:84)
at tests.Test_FlipkartSite.checkLogin(Test_FlipkartSite.java:505)
at tests.Test_FlipkartSite.executeTestCase(Test_FlipkartSite.java:194)
at jdk.internal.reflect.GeneratedMethodAccessor1.invoke(Unknown Source)
at java.base/jdk.internal.reflect.DelegatingMethodAccessorImpl.invoke(DelegatingMethodAccessorImpl.java:43)
at java.base/java.lang.reflect.Method.invoke(Method.java:568)
at org.testng.internal.invokers.MethodInvocationHelper.invokeMethod(MethodInvocationHelper.java:139)
at org.testng.internal.invokers.TestInvoker.invokeMethod(TestInvoker.java:677)
at org.testng.internal.invokers.TestInvoker.invokeTestMethod(TestInvoker.java:221)
at org.testng.internal.invokers.MethodRunner.runInSequence(MethodRunner.java:50)
at org.testng.internal.invokers.TestInvoker$MethodInvocationAgent.invoke(TestInvoker.java:969)
at org.testng.internal.invokers.TestInvoker.invokeTestMethods(TestInvoker.java:194)
at org.testng.internal.invokers.TestMethodWorker.invokeTestMethods(TestMethodWorker.java:148)
at org.testng.internal.invokers.TestMethodWorker.run(TestMethodWorker.java:128)
at java.base/java.util.ArrayList.forEach(ArrayList.java:1511)
at org.testng.TestRunner.privateRun(TestRunner.java:829)
at org.testng.TestRunner.run(TestRunner.java:602)
at org.testng.SuiteRunner.runTest(SuiteRunner.java:437)
at org.testng.SuiteRunner$SuiteWorker.run(SuiteRunner.java:475)
at org.testng.internal.thread.ThreadUtil.lambda$execute$0(ThreadUtil.java:58)
at java.base/java.util.concurrent.FutureTask.run(FutureTask.java:264)
at java.base/java.util.concurrent.ThreadPoolExecutor.runWorker(ThreadPoolExecutor.java:1136)
at java.base/java.util.concurrent.ThreadPoolExecutor$Worker.run(ThreadPoolExecutor.java:635)
at java.base/java.lang.Thread.run(Thread.java:840)
]]>
            </full-stacktrace>
          </exception> <!-- com.mailosaur.MailosaurException -->
          <reporter-output>
          </reporter-output>
        </test-method> <!-- executeTestCase -->
        <test-method is-config="true" signature="getTestResult(org.testng.ITestResult,org.testng.ITestContext)[pri:0, instance:tests.Test_FlipkartSite@2a448449]" started-at="2024-05-17T11:58:18 IST" name="getTestResult" finished-at="2024-05-17T11:58:18 IST" duration-ms="78" status="PASS">
          <params>
            <param index="0">
              <value>
                <![CDATA[[TestResult name=executeTestCase status=FAILURE method=Test_FlipkartSite.executeTestCase(java.lang.String,java.lang.String,org.testng.ITestContext)[pri:0, instance:tests.Test_FlipkartSite@2a448449] output={null}]]]>
              </value>
            </param>
            <param index="1">
              <value>
                <![CDATA[org.testng.TestRunner@dc58a56]]>
              </value>
            </param>
          </params>
          <reporter-output>
          </reporter-output>
        </test-method> <!-- getTestResult -->
        <test-method is-config="true" signature="tearDownTest()[pri:0, instance:tests.Test_FlipkartSite@2a448449]" started-at="2024-05-17T11:58:18 IST" name="tearDownTest" finished-at="2024-05-17T11:58:20 IST" duration-ms="1405" status="PASS">
          <reporter-output>
          </reporter-output>
        </test-method> <!-- tearDownTest -->
      </class> <!-- tests.Test_FlipkartSite -->
    </test> <!-- FirefoxTest -->
  </suite> <!-- Suite -->
</testng-results>
